2022-10-05 16:12:24,397 [INFO] Activator:177 - 


2022-10-05 16:12:24,399 [INFO] Activator:178 - !SESSION log4j initialized
2022-10-05 16:13:15,983 [ERROR] LogOutputStream:74 - [STDERR_REDIRECT] SLF4J: Failed to load class "org.slf4j.impl.StaticLoggerBinder".
2022-10-05 16:13:15,984 [ERROR] LogOutputStream:74 - [STDERR_REDIRECT] SLF4J: Defaulting to no-operation (NOP) logger implementation
2022-10-05 16:13:15,987 [ERROR] LogOutputStream:74 - [STDERR_REDIRECT] SLF4J: See http://www.slf4j.org/codes.html#StaticLoggerBinder for further details.
2022-10-05 16:13:18,218 [INFO] McuFinderGlobals:44 - Set McuFinder mode to 2 (CubeIDE integrated)
2022-10-05 16:13:18,586 [INFO] ApplicationProperties:181 - Using Application install path: C:\ST\STM32CubeIDE_1.10.1\STM32CubeIDE\plugins\com.st.stm32cube.common.mx_6.6.1.202207061420
2022-10-05 16:13:18,914 [INFO] DbMcusXml:77 - Set database path to: C:\ST\STM32CubeIDE_1.10.1\STM32CubeIDE\plugins\com.st.stm32cube.common.mx_6.6.1.202207061420\\db\/mcu/
2022-10-05 16:13:18,915 [INFO] ApiDb:269 - Set plugin database path to: C:\ST\STM32CubeIDE_1.10.1\STM32CubeIDE\plugins\com.st.stm32cube.common.mx_6.6.1.202207061420\\db\/plugins/boardmanager/
2022-10-05 16:13:18,921 [WARN] ApiDb:254 - Overriding images path with different value:  => C:\ST\STM32CubeIDE_1.10.1\STM32CubeIDE\plugins\com.st.stm32cube.common.mx_6.6.1.202207061420\\db\/plugins/mcufinder/images/
2022-10-05 16:13:21,082 [INFO] ApiDb:249 - Set database path to: C:\Users\user\.stmcufinder\plugins\mcufinder//mcu/
2022-10-05 16:13:21,084 [INFO] DbMcusAds:124 - Set database path to: C:\Users\user\.stmcufinder\plugins\mcufinder//mcu/
2022-10-05 16:13:21,197 [INFO] CrossReferenceDbSqlite:201 - Set database path to: C:\Users\user\.stmcufinder\plugins\mcufinder//mcu/cs/
2022-10-05 16:13:21,495 [INFO] RulesReader:61 - Compatibility file has been processed (282 Rules)
2022-10-05 16:13:21,646 [INFO] DbMcusXml:77 - Set database path to: C:\ST\STM32CubeIDE_1.10.1\STM32CubeIDE\plugins\com.st.stm32cube.common.mx_6.6.1.202207061420\\db\/mcu/
2022-10-05 16:13:21,647 [INFO] ApiDb:269 - Set plugin database path to: C:\ST\STM32CubeIDE_1.10.1\STM32CubeIDE\plugins\com.st.stm32cube.common.mx_6.6.1.202207061420\\db\/plugins/boardmanager/
2022-10-05 16:13:21,647 [INFO] ApiDb:256 - Set plugin images path to: C:\ST\STM32CubeIDE_1.10.1\STM32CubeIDE\plugins\com.st.stm32cube.common.mx_6.6.1.202207061420\\db\/plugins/mcufinder/images/
2022-10-05 16:13:21,648 [WARN] DbFile:40 - Overriding database path with different value: C:\Users\user\.stmcufinder\plugins\mcufinder/ => C:\Users\user\.stmcufinder\plugins\mcufinder
2022-10-05 16:13:21,648 [INFO] ApiDb:249 - Set database path to: C:\Users\user\.stmcufinder\plugins\mcufinder//mcu/
2022-10-05 16:13:21,648 [WARN] DbFile:40 - Overriding database path with different value: C:\Users\user\.stmcufinder\plugins\mcufinder/ => C:\Users\user\.stmcufinder\plugins\mcufinder
2022-10-05 16:13:21,648 [INFO] DbMcusAds:124 - Set database path to: C:\Users\user\.stmcufinder\plugins\mcufinder//mcu/
2022-10-05 16:13:21,650 [WARN] DbFile:40 - Overriding database path with different value: C:\Users\user\.stmcufinder\plugins\mcufinder/ => C:\Users\user\.stmcufinder\plugins\mcufinder
2022-10-05 16:13:21,650 [WARN] DbFile:40 - Overriding database path with different value: C:\Users\user\.stmcufinder\plugins\mcufinder/ => C:\Users\user\.stmcufinder\plugins\mcufinder
2022-10-05 16:13:21,650 [INFO] CrossReferenceDbSqlite:201 - Set database path to: C:\Users\user\.stmcufinder\plugins\mcufinder//mcu/cs/
2022-10-05 16:13:21,797 [INFO] MainPanel:242 - HeapMemory: 268435456
2022-10-05 16:13:21,972 [INFO] DbMcusXml:77 - Set database path to: C:\ST\STM32CubeIDE_1.10.1\STM32CubeIDE\plugins\com.st.stm32cube.common.mx_6.6.1.202207061420\\db\/mcu/
2022-10-05 16:13:21,973 [INFO] ApiDb:269 - Set plugin database path to: C:\ST\STM32CubeIDE_1.10.1\STM32CubeIDE\plugins\com.st.stm32cube.common.mx_6.6.1.202207061420\\db\/plugins/boardmanager/
2022-10-05 16:13:21,973 [INFO] ApiDb:256 - Set plugin images path to: C:\ST\STM32CubeIDE_1.10.1\STM32CubeIDE\plugins\com.st.stm32cube.common.mx_6.6.1.202207061420\\db\/plugins/mcufinder/images/
2022-10-05 16:13:21,974 [WARN] DbFile:40 - Overriding database path with different value: C:\Users\user\.stmcufinder\plugins\mcufinder/ => C:\Users\user\.stmcufinder\plugins\mcufinder
2022-10-05 16:13:21,974 [INFO] ApiDb:249 - Set database path to: C:\Users\user\.stmcufinder\plugins\mcufinder//mcu/
2022-10-05 16:13:21,974 [WARN] DbFile:40 - Overriding database path with different value: C:\Users\user\.stmcufinder\plugins\mcufinder/ => C:\Users\user\.stmcufinder\plugins\mcufinder
2022-10-05 16:13:21,974 [INFO] DbMcusAds:124 - Set database path to: C:\Users\user\.stmcufinder\plugins\mcufinder//mcu/
2022-10-05 16:13:21,974 [WARN] DbFile:40 - Overriding database path with different value: C:\Users\user\.stmcufinder\plugins\mcufinder/ => C:\Users\user\.stmcufinder\plugins\mcufinder
2022-10-05 16:13:21,975 [WARN] DbFile:40 - Overriding database path with different value: C:\Users\user\.stmcufinder\plugins\mcufinder/ => C:\Users\user\.stmcufinder\plugins\mcufinder
2022-10-05 16:13:21,975 [INFO] CrossReferenceDbSqlite:201 - Set database path to: C:\Users\user\.stmcufinder\plugins\mcufinder//mcu/cs/
2022-10-05 16:13:22,006 [INFO] ApplicationProperties:181 - Using Application install path: C:\ST\STM32CubeIDE_1.10.1\STM32CubeIDE\plugins\com.st.stm32cube.common.mx_6.6.1.202207061420
2022-10-05 16:13:22,008 [INFO] PluginManage:193 - Search for loadable plugins [exclusion list=, ]
2022-10-05 16:13:22,011 [INFO] PluginManage:307 - Check plugin analytics
2022-10-05 16:13:22,435 [INFO] AnalyticsPlugin:262 - Accepted Software Licenses: 
2022-10-05 16:13:22,437 [INFO] AnalyticsPlugin:264 - Accepted CMSIS Pack Licenses: 
2022-10-05 16:13:22,438 [INFO] AnalyticsPlugin:266 - Accepted Firmware Licenses: 
2022-10-05 16:13:22,450 [INFO] PluginManage:356 - Loaded plugin analytics (category:tool,tabindex:-1)
2022-10-05 16:13:22,450 [INFO] PluginManage:307 - Check plugin cadmodel
2022-10-05 16:13:22,459 [INFO] CADModel:65 - Init CAD model plugin
2022-10-05 16:13:22,459 [INFO] PluginManage:356 - Loaded plugin cadmodel (category:power,tabindex:5)
2022-10-05 16:13:22,459 [INFO] PluginManage:307 - Check plugin clock
2022-10-05 16:13:22,478 [INFO] PluginManage:356 - Loaded plugin clock (category:base,tabindex:2)
2022-10-05 16:13:22,478 [INFO] PluginManage:307 - Check plugin ddr
2022-10-05 16:13:22,483 [INFO] PluginManage:356 - Loaded plugin ddr (category:tool,tabindex:6)
2022-10-05 16:13:22,483 [INFO] PluginManage:307 - Check plugin filemanager
2022-10-05 16:13:22,733 [INFO] PluginManage:356 - Loaded plugin filemanager (category:base,tabindex:10)
2022-10-05 16:13:22,733 [INFO] PluginManage:307 - Check plugin ipmanager
2022-10-05 16:13:22,745 [INFO] PluginManage:356 - Loaded plugin ipmanager (category:base,tabindex:5)
2022-10-05 16:13:22,746 [INFO] PluginManage:307 - Check plugin lpbam
2022-10-05 16:13:22,761 [INFO] PluginManage:356 - Loaded plugin lpbam (category:base,tabindex:0)
2022-10-05 16:13:22,762 [INFO] PluginManage:307 - Check plugin pinoutandconfiguration
2022-10-05 16:13:22,777 [INFO] PluginManage:356 - Loaded plugin pinoutandconfiguration (category:base,tabindex:1)
2022-10-05 16:13:22,777 [INFO] PluginManage:307 - Check plugin pinoutconfig
2022-10-05 16:13:22,834 [INFO] PluginManage:356 - Loaded plugin pinoutconfig (category:base,tabindex:0)
2022-10-05 16:13:22,834 [INFO] PluginManage:307 - Check plugin power
2022-10-05 16:13:22,851 [INFO] PluginManage:356 - Loaded plugin power (category:power,tabindex:4)
2022-10-05 16:13:22,851 [INFO] PluginManage:307 - Check plugin projectmanager
2022-10-05 16:13:22,879 [INFO] PluginManage:356 - Loaded plugin projectmanager (category:projectmanager,tabindex:3)
2022-10-05 16:13:22,880 [INFO] PluginManage:307 - Check plugin thirdparty
2022-10-05 16:13:23,102 [WARN] IntegrityCheckThread:82 - waiting for thirdparty lock release [integrity check]
2022-10-05 16:13:23,103 [INFO] PluginManage:356 - Loaded plugin thirdparty (category:base,tabindex:-1)
2022-10-05 16:13:23,103 [INFO] IntegrityCheckThread:84 - entering critical section [integrity check]
2022-10-05 16:13:23,104 [INFO] PluginManage:307 - Check plugin tools
2022-10-05 16:13:23,109 [INFO] ThirdPartyUpdaterWithRetryManager:70 - Updater plugin not ready yet. [1/15]
2022-10-05 16:13:23,109 [INFO] PluginManage:356 - Loaded plugin tools (category:base,tabindex:7)
2022-10-05 16:13:23,109 [INFO] PluginManage:307 - Check plugin tutovideos
2022-10-05 16:13:23,491 [INFO] PluginManage:356 - Loaded plugin tutovideos (category:base,tabindex:-1)
2022-10-05 16:13:23,492 [INFO] PluginManage:307 - Check plugin updater
2022-10-05 16:13:23,516 [INFO] PluginManage:356 - Loaded plugin updater (category:base,tabindex:12)
2022-10-05 16:13:23,516 [INFO] PluginManage:280 - PluginManage : Loaded plugins [15]
2022-10-05 16:13:23,947 [INFO] PinOutPanel:1468 - setPackage(No Configuration,No Configuration)
2022-10-05 16:13:24,055 [INFO] CADModel:98 - CPN selected for project level
2022-10-05 16:13:24,082 [INFO] IPUIPlugin:79 - create IPUIPlugin
2022-10-05 16:13:24,083 [INFO] PluginManager:217 - loadIPPluginJar : add adc
2022-10-05 16:13:24,087 [INFO] IPUIPlugin:79 - create IPUIPlugin
2022-10-05 16:13:24,088 [INFO] PluginManager:217 - loadIPPluginJar : add aes
2022-10-05 16:13:24,091 [INFO] IPUIPlugin:79 - create IPUIPlugin
2022-10-05 16:13:24,092 [INFO] PluginManager:217 - loadIPPluginJar : add can
2022-10-05 16:13:24,095 [INFO] IPUIPlugin:79 - create IPUIPlugin
2022-10-05 16:13:24,095 [INFO] PluginManager:217 - loadIPPluginJar : add comp
2022-10-05 16:13:24,110 [INFO] IPUIPlugin:79 - create IPUIPlugin
2022-10-05 16:13:24,110 [INFO] PluginManager:217 - loadIPPluginJar : add cryp
2022-10-05 16:13:24,114 [INFO] IPUIPlugin:79 - create IPUIPlugin
2022-10-05 16:13:24,115 [INFO] PluginManager:217 - loadIPPluginJar : add dfsdm
2022-10-05 16:13:24,123 [INFO] IPUIPlugin:79 - create IPUIPlugin
2022-10-05 16:13:24,124 [INFO] PluginManager:217 - loadIPPluginJar : add dma
2022-10-05 16:13:24,132 [INFO] IPUIPlugin:79 - create IPUIPlugin
2022-10-05 16:13:24,132 [INFO] PluginManager:217 - loadIPPluginJar : add dma3
2022-10-05 16:13:24,136 [INFO] IPUIPlugin:79 - create IPUIPlugin
2022-10-05 16:13:24,136 [INFO] PluginManager:217 - loadIPPluginJar : add fatfs
2022-10-05 16:13:24,143 [INFO] IPUIPlugin:79 - create IPUIPlugin
2022-10-05 16:13:24,143 [INFO] PluginManager:217 - loadIPPluginJar : add fmc
2022-10-05 16:13:24,153 [INFO] IPUIPlugin:79 - create IPUIPlugin
2022-10-05 16:13:24,154 [INFO] PluginManager:217 - loadIPPluginJar : add freertos
2022-10-05 16:13:24,156 [INFO] IPUIPlugin:79 - create IPUIPlugin
2022-10-05 16:13:24,157 [INFO] PluginManager:217 - loadIPPluginJar : add genericplugin
2022-10-05 16:13:24,160 [INFO] IPUIPlugin:79 - create IPUIPlugin
2022-10-05 16:13:24,160 [INFO] PluginManager:217 - loadIPPluginJar : add gfxmmu
2022-10-05 16:13:24,167 [INFO] IPUIPlugin:79 - create IPUIPlugin
2022-10-05 16:13:24,168 [INFO] PluginManager:217 - loadIPPluginJar : add gic
2022-10-05 16:13:24,175 [INFO] IPUIPlugin:79 - create IPUIPlugin
2022-10-05 16:13:24,175 [INFO] PluginManager:217 - loadIPPluginJar : add gpio
2022-10-05 16:13:24,181 [INFO] IPUIPlugin:79 - create IPUIPlugin
2022-10-05 16:13:24,181 [INFO] PluginManager:217 - loadIPPluginJar : add gtzc
2022-10-05 16:13:24,184 [INFO] IPUIPlugin:79 - create IPUIPlugin
2022-10-05 16:13:24,185 [INFO] PluginManager:217 - loadIPPluginJar : add hash
2022-10-05 16:13:24,189 [INFO] IPUIPlugin:79 - create IPUIPlugin
2022-10-05 16:13:24,189 [INFO] PluginManager:217 - loadIPPluginJar : add i2c
2022-10-05 16:13:24,194 [INFO] IPUIPlugin:79 - create IPUIPlugin
2022-10-05 16:13:24,194 [INFO] PluginManager:217 - loadIPPluginJar : add i2s
2022-10-05 16:13:24,200 [INFO] IPUIPlugin:79 - create IPUIPlugin
2022-10-05 16:13:24,200 [INFO] PluginManager:217 - loadIPPluginJar : add ipddr
2022-10-05 16:13:24,210 [INFO] IPUIPlugin:79 - create IPUIPlugin
2022-10-05 16:13:24,210 [INFO] PluginManager:217 - loadIPPluginJar : add linkedlist
2022-10-05 16:13:24,215 [INFO] IPUIPlugin:79 - create IPUIPlugin
2022-10-05 16:13:24,215 [INFO] PluginManager:217 - loadIPPluginJar : add lorawan
2022-10-05 16:13:24,217 [INFO] IPUIPlugin:79 - create IPUIPlugin
2022-10-05 16:13:24,217 [INFO] PluginManager:217 - loadIPPluginJar : add ltdc
2022-10-05 16:13:24,225 [INFO] IPUIPlugin:79 - create IPUIPlugin
2022-10-05 16:13:24,226 [INFO] PluginManager:217 - loadIPPluginJar : add mdma
2022-10-05 16:13:24,231 [INFO] IPUIPlugin:79 - create IPUIPlugin
2022-10-05 16:13:24,232 [INFO] PluginManager:217 - loadIPPluginJar : add nvic
2022-10-05 16:13:24,236 [INFO] IPUIPlugin:79 - create IPUIPlugin
2022-10-05 16:13:24,236 [INFO] PluginManager:217 - loadIPPluginJar : add opamp
2022-10-05 16:13:24,241 [INFO] IPUIPlugin:79 - create IPUIPlugin
2022-10-05 16:13:24,241 [INFO] PluginManager:217 - loadIPPluginJar : add openamp
2022-10-05 16:13:24,245 [INFO] IPUIPlugin:79 - create IPUIPlugin
2022-10-05 16:13:24,246 [INFO] PluginManager:217 - loadIPPluginJar : add pdm2pcm
2022-10-05 16:13:24,256 [INFO] IPUIPlugin:79 - create IPUIPlugin
2022-10-05 16:13:24,260 [INFO] PluginManager:217 - loadIPPluginJar : add plateformsettings
2022-10-05 16:13:24,263 [INFO] IPUIPlugin:79 - create IPUIPlugin
2022-10-05 16:13:24,263 [INFO] PluginManager:217 - loadIPPluginJar : add quadspi
2022-10-05 16:13:24,269 [INFO] IPUIPlugin:79 - create IPUIPlugin
2022-10-05 16:13:24,269 [INFO] PluginManager:217 - loadIPPluginJar : add resmgrutility
2022-10-05 16:13:24,274 [INFO] IPUIPlugin:79 - create IPUIPlugin
2022-10-05 16:13:24,274 [INFO] PluginManager:217 - loadIPPluginJar : add sai
2022-10-05 16:13:24,278 [INFO] IPUIPlugin:79 - create IPUIPlugin
2022-10-05 16:13:24,278 [INFO] PluginManager:217 - loadIPPluginJar : add spi
2022-10-05 16:13:24,285 [INFO] IPUIPlugin:79 - create IPUIPlugin
2022-10-05 16:13:24,285 [INFO] PluginManager:217 - loadIPPluginJar : add stm32_wpan
2022-10-05 16:13:24,288 [INFO] IPUIPlugin:79 - create IPUIPlugin
2022-10-05 16:13:24,288 [INFO] PluginManager:217 - loadIPPluginJar : add tim
2022-10-05 16:13:24,293 [INFO] IPUIPlugin:79 - create IPUIPlugin
2022-10-05 16:13:24,293 [INFO] PluginManager:217 - loadIPPluginJar : add touchsensing
2022-10-05 16:13:24,296 [INFO] IPUIPlugin:79 - create IPUIPlugin
2022-10-05 16:13:24,296 [INFO] PluginManager:217 - loadIPPluginJar : add tracer_emb
2022-10-05 16:13:24,299 [INFO] IPUIPlugin:79 - create IPUIPlugin
2022-10-05 16:13:24,299 [INFO] PluginManager:217 - loadIPPluginJar : add ts
2022-10-05 16:13:24,302 [INFO] IPUIPlugin:79 - create IPUIPlugin
2022-10-05 16:13:24,302 [INFO] PluginManager:217 - loadIPPluginJar : add tsc
2022-10-05 16:13:24,306 [INFO] IPUIPlugin:79 - create IPUIPlugin
2022-10-05 16:13:24,306 [INFO] PluginManager:217 - loadIPPluginJar : add ucpd
2022-10-05 16:13:24,311 [INFO] IPUIPlugin:79 - create IPUIPlugin
2022-10-05 16:13:24,311 [INFO] PluginManager:217 - loadIPPluginJar : add usart
2022-10-05 16:13:24,315 [INFO] IPUIPlugin:79 - create IPUIPlugin
2022-10-05 16:13:24,316 [INFO] PluginManager:217 - loadIPPluginJar : add usbx
2022-10-05 16:13:25,168 [FATAL] Updater:301 - Updater called before beeing initialized
2022-10-05 16:13:25,518 [FATAL] Updater:301 - Updater called before beeing initialized
2022-10-05 16:13:25,530 [INFO] DbMcusAds:52 - JSON generation date=Wed Sep 29 23:55:09 PDT 2021 (1632984909247)
2022-10-05 16:13:25,531 [FATAL] Updater:301 - Updater called before beeing initialized
2022-10-05 16:13:25,599 [WARN] DetailPanel:344 - Failed to get advertising image, set to default
2022-10-05 16:13:25,924 [FATAL] Updater:301 - Updater called before beeing initialized
2022-10-05 16:13:25,931 [FATAL] Updater:301 - Updater called before beeing initialized
2022-10-05 16:13:25,931 [FATAL] Updater:301 - Updater called before beeing initialized
2022-10-05 16:13:25,931 [WARN] DetailPanel:344 - Failed to get advertising image, set to default
2022-10-05 16:13:25,933 [FATAL] Updater:301 - Updater called before beeing initialized
2022-10-05 16:13:26,117 [ERROR] Updater:1105 - MainUpdater not yet initialized. External WinMGr cannot be set.
2022-10-05 16:13:26,121 [INFO] Updater:1041 - Updater Version found : 6.6.1
2022-10-05 16:13:26,121 [INFO] ThirdPartyUpdaterWithRetryManager:70 - Updater plugin not ready yet. [2/15]
2022-10-05 16:13:26,147 [INFO] ApplicationProperties:181 - Using Application install path: C:\ST\STM32CubeIDE_1.10.1\STM32CubeIDE\plugins\com.st.stm32cube.common.mx_6.6.1.202207061420
2022-10-05 16:13:26,191 [INFO] MainUpdater:516 - Copy updater definitions from MX database
2022-10-05 16:13:26,745 [INFO] MainUpdater:2768 - connection check result : 10
2022-10-05 16:13:26,747 [INFO] MainUpdater:3453 - Updater definition file requires update
2022-10-05 16:13:26,750 [INFO] MainUpdater:280 - Updater Check For Update Now.
2022-10-05 16:13:26,750 [INFO] MicroXplorer:481 - Change Database Version : DB.6.0.60
2022-10-05 16:13:26,857 [INFO] ServerAccessManage:474 - Download File updaters.zip
2022-10-05 16:13:27,062 [INFO] FileExtend:239 - Unzip File : updaters.zip
2022-10-05 16:13:27,062 [INFO] FileExtend:254 - Standard Zip Deflate
2022-10-05 16:13:27,479 [INFO] ServerAccessManage:474 - Download File PacksControlFlags.xml
2022-10-05 16:13:27,560 [INFO] ServerAccessManage:474 - Download File cubemx.pidx
2022-10-05 16:13:27,864 [INFO] ServerAccessManage:474 - Download File STMicroelectronics.FP-ATR-ASTRA1.pdsc
2022-10-05 16:13:28,516 [INFO] ServerAccessManage:474 - Download File STMicroelectronics.X-CUBE-AI.pdsc
2022-10-05 16:13:29,130 [WARN] MainUpdater:1184 - Updater busy. Cannot search thirdparties
2022-10-05 16:13:29,131 [INFO] ThirdPartyUpdaterWithRetryManager:96 - Updater plugin is busy. [1/15]
2022-10-05 16:13:31,368 [INFO] ServerAccessManage:474 - Download File STMicroelectronics.X-CUBE-BLE2.pdsc
2022-10-05 16:13:32,137 [WARN] MainUpdater:1184 - Updater busy. Cannot search thirdparties
2022-10-05 16:13:32,137 [INFO] ThirdPartyUpdaterWithRetryManager:96 - Updater plugin is busy. [2/15]
2022-10-05 16:13:32,725 [INFO] ServerAccessManage:474 - Download File STMicroelectronics.X-CUBE-BLEMGR.pdsc
2022-10-05 16:13:33,373 [INFO] ServerAccessManage:474 - Download File STMicroelectronics.X-CUBE-GNSS1.pdsc
2022-10-05 16:13:34,952 [ERROR] ServerAccessManage:1090 - Problem, file not found on Server
2022-10-05 16:13:35,142 [WARN] MainUpdater:1184 - Updater busy. Cannot search thirdparties
2022-10-05 16:13:35,142 [INFO] ThirdPartyUpdaterWithRetryManager:96 - Updater plugin is busy. [3/15]
2022-10-05 16:13:35,201 [ERROR] ServerAccessManage:1090 - Problem, file not found on Server
2022-10-05 16:13:35,415 [ERROR] ServerAccessManage:1090 - Problem, file not found on Server
2022-10-05 16:13:35,709 [ERROR] ServerAccessManage:1090 - Problem, file not found on Server
2022-10-05 16:13:35,942 [ERROR] ServerAccessManage:1090 - Problem, file not found on Server
2022-10-05 16:13:36,154 [ERROR] ServerAccessManage:1090 - Problem, file not found on Server
2022-10-05 16:13:36,304 [INFO] ServerAccessManage:474 - Download File STMicroelectronics.X-CUBE-ISPU.pdsc
2022-10-05 16:13:37,049 [INFO] ServerAccessManage:474 - Download File STMicroelectronics.X-CUBE-MEMS1.pdsc
2022-10-05 16:13:38,149 [WARN] MainUpdater:1184 - Updater busy. Cannot search thirdparties
2022-10-05 16:13:38,163 [INFO] ThirdPartyUpdaterWithRetryManager:96 - Updater plugin is busy. [4/15]
2022-10-05 16:13:41,164 [WARN] MainUpdater:1184 - Updater busy. Cannot search thirdparties
2022-10-05 16:13:41,176 [INFO] ThirdPartyUpdaterWithRetryManager:96 - Updater plugin is busy. [5/15]
2022-10-05 16:13:41,339 [INFO] ServerAccessManage:474 - Download File STMicroelectronics.X-CUBE-SFXS2LP1.pdsc
2022-10-05 16:13:42,785 [INFO] ServerAccessManage:474 - Download File STMicroelectronics.X-CUBE-AZRTOS-F4.pdsc
2022-10-05 16:13:43,624 [INFO] ServerAccessManage:474 - Download File STMicroelectronics.X-CUBE-AZRTOS-F7.pdsc
2022-10-05 16:13:44,181 [WARN] MainUpdater:1184 - Updater busy. Cannot search thirdparties
2022-10-05 16:13:44,181 [INFO] ThirdPartyUpdaterWithRetryManager:96 - Updater plugin is busy. [6/15]
2022-10-05 16:13:44,492 [INFO] ServerAccessManage:474 - Download File STMicroelectronics.X-CUBE-AZRTOS-G0.pdsc
2022-10-05 16:13:45,256 [WARN] PackLoader:242 - Cannot read IP mode file for STMicroelectronics.FP-ATR-ASTRA1.1.1.1
2022-10-05 16:13:45,277 [WARN] PackLoader:242 - Cannot read IP mode file for STMicroelectronics.X-CUBE-AI.7.2.0
2022-10-05 16:13:45,298 [WARN] PackLoader:242 - Cannot read IP mode file for STMicroelectronics.X-CUBE-BLE2.3.3.0
2022-10-05 16:13:45,328 [WARN] PackLoader:242 - Cannot read IP mode file for STMicroelectronics.X-CUBE-BLEMGR.1.0.0
2022-10-05 16:13:45,354 [WARN] PackLoader:242 - Cannot read IP mode file for STMicroelectronics.X-CUBE-GNSS1.6.0.0
2022-10-05 16:13:45,369 [WARN] PackLoader:242 - Cannot read IP mode file for STMicroelectronics.X-CUBE-ISPU.1.0.0
2022-10-05 16:13:45,420 [INFO] CheckServerUpdateThread:119 - End of CheckServer Thread
2022-10-05 16:13:45,524 [INFO] MainUpdater:2768 - connection check result : 10
2022-10-05 16:13:45,531 [INFO] McuFinderGlobals:57 - Set McuFinderConnectedMode to true
2022-10-05 16:13:45,629 [WARN] PackLoader:242 - Cannot read IP mode file for STMicroelectronics.X-CUBE-MEMS1.9.3.0
2022-10-05 16:13:46,203 [INFO] ServerAccessManage:474 - Download File mcusAds.json._tmp_
2022-10-05 16:13:46,235 [WARN] PackLoader:242 - Cannot read IP mode file for STMicroelectronics.X-CUBE-SFXS2LP1.4.0.0
2022-10-05 16:13:46,281 [WARN] PackLoader:242 - Cannot read IP mode file for STMicroelectronics.X-CUBE-AZRTOS-F4.1.1.0
2022-10-05 16:13:46,318 [INFO] LoadUrlFilesThread:150 - End of LoadUrlFiles Thread
2022-10-05 16:13:46,346 [WARN] PackLoader:242 - Cannot read IP mode file for STMicroelectronics.X-CUBE-AZRTOS-F7.1.1.0
2022-10-05 16:13:46,402 [WARN] PackLoader:242 - Cannot read IP mode file for STMicroelectronics.X-CUBE-AZRTOS-G0.1.1.0
2022-10-05 16:13:46,409 [INFO] PopulateThirdPartyThread:64 - Ending populate Thread
2022-10-05 16:13:46,412 [INFO] ThirdParty:981 - CMSIS Pack Vendor :STMicroelectronics X-CUBE-GNSS1 6.0.0
2022-10-05 16:13:46,413 [INFO] ThirdParty:981 - CMSIS Pack Vendor :STMicroelectronics X-CUBE-SFXS2LP1 4.0.0
2022-10-05 16:13:46,413 [INFO] ThirdParty:981 - CMSIS Pack Vendor :STMicroelectronics X-CUBE-BLE2 3.3.0
2022-10-05 16:13:46,413 [INFO] ThirdParty:981 - CMSIS Pack Vendor :STMicroelectronics X-CUBE-BLEMGR 1.0.0
2022-10-05 16:13:46,413 [INFO] ThirdParty:981 - CMSIS Pack Vendor :STMicroelectronics X-CUBE-AZRTOS-F4 1.1.0
2022-10-05 16:13:46,413 [INFO] ThirdParty:981 - CMSIS Pack Vendor :STMicroelectronics X-CUBE-AZRTOS-F7 1.1.0
2022-10-05 16:13:46,414 [INFO] ThirdParty:981 - CMSIS Pack Vendor :STMicroelectronics X-CUBE-AZRTOS-G0 1.1.0
2022-10-05 16:13:46,414 [INFO] ThirdParty:981 - CMSIS Pack Vendor :STMicroelectronics FP-ATR-ASTRA1 1.1.1
2022-10-05 16:13:46,414 [INFO] ThirdParty:981 - CMSIS Pack Vendor :STMicroelectronics X-CUBE-MEMS1 9.3.0
2022-10-05 16:13:46,414 [INFO] ThirdParty:981 - CMSIS Pack Vendor :STMicroelectronics X-CUBE-AI 7.2.0
2022-10-05 16:13:46,414 [INFO] ThirdParty:981 - CMSIS Pack Vendor :STMicroelectronics X-CUBE-ISPU 1.0.0
2022-10-05 16:13:46,416 [INFO] LoadServerUpdatesThread:367 - End of LoadServerUpdate Thread
2022-10-05 16:13:46,663 [INFO] ServerAccessManage:474 - Download File cube-finder-db.zip
2022-10-05 16:13:47,190 [WARN] MainUpdater:1184 - Updater busy. Cannot search thirdparties
2022-10-05 16:13:47,190 [INFO] ThirdPartyUpdaterWithRetryManager:96 - Updater plugin is busy. [7/15]
2022-10-05 16:13:50,200 [WARN] MainUpdater:1184 - Updater busy. Cannot search thirdparties
2022-10-05 16:13:50,200 [INFO] ThirdPartyUpdaterWithRetryManager:96 - Updater plugin is busy. [8/15]
2022-10-05 16:13:53,207 [WARN] MainUpdater:1184 - Updater busy. Cannot search thirdparties
2022-10-05 16:13:53,207 [INFO] ThirdPartyUpdaterWithRetryManager:96 - Updater plugin is busy. [9/15]
2022-10-05 16:13:56,213 [WARN] MainUpdater:1184 - Updater busy. Cannot search thirdparties
2022-10-05 16:13:56,214 [INFO] ThirdPartyUpdaterWithRetryManager:96 - Updater plugin is busy. [10/15]
2022-10-05 16:13:59,219 [WARN] MainUpdater:1184 - Updater busy. Cannot search thirdparties
2022-10-05 16:13:59,220 [INFO] ThirdPartyUpdaterWithRetryManager:96 - Updater plugin is busy. [11/15]
2022-10-05 16:14:02,222 [WARN] MainUpdater:1184 - Updater busy. Cannot search thirdparties
2022-10-05 16:14:02,222 [INFO] ThirdPartyUpdaterWithRetryManager:96 - Updater plugin is busy. [12/15]
2022-10-05 16:14:05,232 [WARN] MainUpdater:1184 - Updater busy. Cannot search thirdparties
2022-10-05 16:14:05,233 [INFO] ThirdPartyUpdaterWithRetryManager:96 - Updater plugin is busy. [13/15]
2022-10-05 16:14:08,241 [WARN] MainUpdater:1184 - Updater busy. Cannot search thirdparties
2022-10-05 16:14:08,241 [INFO] ThirdPartyUpdaterWithRetryManager:96 - Updater plugin is busy. [14/15]
2022-10-05 16:14:11,254 [WARN] MainUpdater:1184 - Updater busy. Cannot search thirdparties
2022-10-05 16:14:11,254 [INFO] ThirdPartyUpdaterWithRetryManager:96 - Updater plugin is busy. [15/15]
2022-10-05 16:14:11,255 [ERROR] IntegrityCheckThread:128 - Cannot retrieve database content from updater: error -1
2022-10-05 16:14:11,256 [INFO] ThirdParty:929 - Integrity check success = false
2022-10-05 16:14:11,256 [INFO] IntegrityCheckThread:98 - exiting critical section [integrity check]
2022-10-05 16:14:11,257 [INFO] IntegrityCheckThread:101 - End integrity checks thread
2022-10-05 16:14:12,822 [INFO] FileExtend:239 - Unzip File : cube-finder-db.zip
2022-10-05 16:14:12,822 [INFO] FileExtend:254 - Standard Zip Deflate
2022-10-05 16:14:13,738 [INFO] LoadUrlFilesThread:150 - End of LoadUrlFiles Thread
2022-10-05 16:14:14,127 [INFO] ServerAccessManage:474 - Download File crdb.zip
2022-10-05 16:14:14,878 [INFO] FileExtend:239 - Unzip File : crdb.zip
2022-10-05 16:14:14,880 [INFO] FileExtend:254 - Standard Zip Deflate
2022-10-05 16:14:15,083 [INFO] LoadUrlFilesThread:150 - End of LoadUrlFiles Thread
2022-10-05 16:14:15,162 [INFO] ServerAccessManage:474 - Download File tutoVideoDB.zip
2022-10-05 16:14:15,273 [INFO] FileExtend:239 - Unzip File : tutoVideoDB.zip
2022-10-05 16:14:15,274 [INFO] FileExtend:254 - Standard Zip Deflate
2022-10-05 16:14:15,398 [INFO] LoadUrlFilesThread:150 - End of LoadUrlFiles Thread
2022-10-05 16:14:15,409 [INFO] JxBrowserEngine:106 - Initiate JxBrowser Engine with user profile folder
2022-10-05 16:14:15,791 [ERROR] JxBrowserEngine:59 - Can't initiate JxBrowser engine com.teamdev.jxbrowser.engine.ChromiumBinariesExtractionException: Failed to extract Chromium binaries into C:\Users\user\.stm32cubemx\.jxbrowser\Chromium
2022-10-05 16:14:15,793 [WARN] DbFile:40 - Overriding database path with different value: C:\Users\user\.stmcufinder\plugins\mcufinder/ => C:\Users\user\.stmcufinder\plugins\mcufinder
2022-10-05 16:14:15,875 [INFO] ServerAccessManage:474 - Download File api_config.json
2022-10-05 16:14:15,991 [INFO] LoadUrlFilesThread:150 - End of LoadUrlFiles Thread
2022-10-05 16:14:15,993 [INFO] DbMcusAds:52 - JSON generation date=Wed Sep 29 23:55:09 PDT 2021 (1632984909247)
2022-10-05 16:14:16,040 [INFO] LoadUrlFilesThread:177 - End of LoadServerUrlFiles without Thread
2022-10-05 16:14:16,042 [INFO] TargetSelectorAdapter:228 - Refresh data is successful
2022-10-05 16:14:16,232 [INFO] ApiDb:576 - Connected to CubeFinder SQLite database (C:\Users\user\.stmcufinder\plugins\mcufinder\mcu\cube-finder-db.db)
2022-10-05 16:14:16,334 [INFO] ApiDb:663 - CubeFinder database Data Model version=2.1
2022-10-05 16:14:16,335 [INFO] ApiDb:664 - CubeFinder database Configuration version=3.0.32
2022-10-05 16:14:16,336 [INFO] ApiDb:665 - CubeFinder database generation date=2022-08-05 (1659688109)
2022-10-05 16:14:16,336 [INFO] ApiDb:666 - CubeFinder database FW Pack versions=[STM32Cube_FW_C0_V1.0.0, STM32Cube_FW_F4_V1.27.1, STM32Cube_FW_F7_V1.17.0, STM32Cube_FW_G0_V1.6.1, STM32Cube_FW_G4_V1.5.0, STM32Cube_FW_H7_V1.10.0, STM32Cube_FW_L5_V1.4.0, STM32Cube_FW_U5_V1.1.1, STM32Cube_FW_WB_V1.14.1, STM32Cube_FW_WL_V1.2.0, X-CUBE-ALGOBUILD_V1.3.0, X-CUBE-ALS_V1.0.1, X-CUBE-AZRTOS-F4_V1.1.0, X-CUBE-AZRTOS-F7_V1.1.0, X-CUBE-AZRTOS-G0_V1.1.0, X-CUBE-AZRTOS-G4_V1.0.0, X-CUBE-AZRTOS-H7_V2.1.0, X-CUBE-AZRTOS-L4_V1.0.0, X-CUBE-AZRTOS-L5_V1.0.0, X-CUBE-AZRTOS-WL_V1.0.0, X-CUBE-BLE1_V6.2.3, X-CUBE-BLE2_V3.3.0, X-CUBE-EEPRMA1_V3.1.1, X-CUBE-GNSS1_V6.0.0, X-CUBE-MEMS1_V9.1.0, X-CUBE-MEMS1_V9.3.0, X-CUBE-NFC4_V2.0.4, X-CUBE-NFC7_V1.0.0, X-CUBE-SFXS2LP1_V4.0.0, X-CUBE-SUBG2_V5.0.0]
2022-10-05 16:14:19,099 [INFO] ApiDb:239 - Found 138 in-development CPN: [B-WB1M-WPAN1, NUCLEO-C031C6, STEVAL-STWINBX1, STM320518-EVAL, STM32C0116-DK, STM32C011D6Y3TR, STM32C011D6Y6TR, STM32C011F4P3, STM32C011F4P6, STM32C011F4U3, STM32C011F4U6TR, STM32C011F6P3, STM32C011F6P6, STM32C011F6U3, STM32C011F6U6TR, STM32C011J4M3, STM32C011J4M6, STM32C011J6M3, STM32C011J6M6, STM32C0316-DK, STM32C031C4T3, STM32C031C4T6, STM32C031C4U3, STM32C031C4U6, STM32C031C6T3, STM32C031C6T6, STM32C031C6U3, STM32C031C6U6, STM32C031F4P3, STM32C031F4P6, STM32C031F6P3, STM32C031F6P6, STM32C031G4U3, STM32C031G4U6, STM32C031G6U3, STM32C031G6U6, STM32C031K4T3, STM32C031K4T6, STM32C031K4U3, STM32C031K4U6, STM32C031K6T3, STM32C031K6T6, STM32C031K6U3, STM32C031K6U6, STM32G071K8TXN, STM32G071K8UXN, STM32G081GBU6N, STM32G081KBT6N, STM32G081KBUXN, STM32G0B1CCT6N, STM32G0B1KCT6, STM32G0B1NEY6TR, STM32G0B1RCT6N, STM32G0C1CCT6, STM32G0C1CCT6N, STM32G0C1CCU6N, STM32G0C1CET6N, STM32G0C1CEU6N, STM32G0C1KCT6, STM32G0C1NEY6TR, STM32G0C1RCI6N, STM32G0C1RCT6N, STM32G0C1REI6N, STM32G0C1RET6N, STM32G0C1VCI6, STM32G0C1VEI6, STM32G471CCT6, STM32G471CCU6, STM32G471CET3, STM32G471CET6, STM32G471CEU3, STM32G471CEU6, STM32G471MCT6, STM32G471MET3, STM32G471MET6, STM32G471MEY6TR, STM32G471QCT6, STM32G471QET3, STM32G471RCT6, STM32G471RET3, STM32G471RET6, STM32G471VCH6, STM32G471VCI6, STM32G471VCT6, STM32G471VEH3, STM32G471VEH6, STM32G471VEI3, STM32G471VEI6, STM32G471VET3, STM32G471VET6, STM32G474CCT6, STM32L476VGY6PTR, STM32L4R5QGI6STR, STM32MP131AAE3, STM32MP131AAF3, STM32MP131AAG3, STM32MP131CAE3, STM32MP131CAF3, STM32MP131CAG3, STM32MP131DAE7, STM32MP131DAF7, STM32MP131DAG7, STM32MP131FAE7, STM32MP131FAF7, STM32MP131FAG7, STM32MP133AAE3, STM32MP133AAF3, STM32MP133AAG3, STM32MP133CAE3, STM32MP133CAF3, STM32MP133CAG3, STM32MP133DAE7, STM32MP133DAF7, STM32MP133DAG7, STM32MP133FAE7, STM32MP133FAF7, STM32MP133FAG7, STM32MP135AAE3, STM32MP135AAF3, STM32MP135AAG3, STM32MP135CAE3, STM32MP135CAF3, STM32MP135CAG3, STM32MP135DAE7, STM32MP135DAF7, STM32MP135DAG7, STM32MP135F-DK, STM32MP135FAE7, STM32MP135FAF7, STM32MP135FAG7, STM32U595ZJT6Q, STM32U599BJY6QTR, STM32U599NIH6Q, STM32U599NJH6Q, STM32U5A5ZJT6Q, STM32U5A9BJY6QTR, STM32U5A9NJH6Q, STM32WB1MMCH6]
2022-10-05 16:14:19,106 [INFO] DbMcus:215 - Found 3542 MCUs, 3542 are supported
2022-10-05 16:14:19,114 [INFO] ApiDb:418 - Load user favorites file C:\Users\user/.stm32cubeide/favorites.mcus.txt: 0 item(s)
2022-10-05 16:14:19,115 [INFO] ApiDb:422 - User favorites MCUs=[]
2022-10-05 16:14:19,115 [INFO] DbMcus:221 - Set 0 / 0 favorites MCUs
2022-10-05 16:14:19,120 [INFO] ApiDb:663 - CubeFinder database Data Model version=2.1
2022-10-05 16:14:19,121 [INFO] ApiDb:664 - CubeFinder database Configuration version=3.0.32
2022-10-05 16:14:19,121 [INFO] ApiDb:665 - CubeFinder database generation date=2022-08-05 (1659688109)
2022-10-05 16:14:19,121 [INFO] ApiDb:666 - CubeFinder database FW Pack versions=[STM32Cube_FW_C0_V1.0.0, STM32Cube_FW_F4_V1.27.1, STM32Cube_FW_F7_V1.17.0, STM32Cube_FW_G0_V1.6.1, STM32Cube_FW_G4_V1.5.0, STM32Cube_FW_H7_V1.10.0, STM32Cube_FW_L5_V1.4.0, STM32Cube_FW_U5_V1.1.1, STM32Cube_FW_WB_V1.14.1, STM32Cube_FW_WL_V1.2.0, X-CUBE-ALGOBUILD_V1.3.0, X-CUBE-ALS_V1.0.1, X-CUBE-AZRTOS-F4_V1.1.0, X-CUBE-AZRTOS-F7_V1.1.0, X-CUBE-AZRTOS-G0_V1.1.0, X-CUBE-AZRTOS-G4_V1.0.0, X-CUBE-AZRTOS-H7_V2.1.0, X-CUBE-AZRTOS-L4_V1.0.0, X-CUBE-AZRTOS-L5_V1.0.0, X-CUBE-AZRTOS-WL_V1.0.0, X-CUBE-BLE1_V6.2.3, X-CUBE-BLE2_V3.3.0, X-CUBE-EEPRMA1_V3.1.1, X-CUBE-GNSS1_V6.0.0, X-CUBE-MEMS1_V9.1.0, X-CUBE-MEMS1_V9.3.0, X-CUBE-NFC4_V2.0.4, X-CUBE-NFC7_V1.0.0, X-CUBE-SFXS2LP1_V4.0.0, X-CUBE-SUBG2_V5.0.0]
2022-10-05 16:14:19,240 [INFO] DbBoardsSqlite:227 - include board P-NUCLEO-WB55-NUCLEO as a kit item of type 'Nucleo-64'
2022-10-05 16:14:19,241 [INFO] DbBoardsSqlite:227 - include board P-NUCLEO-WB55-USBDONGLE as a kit item of type 'Nucleo USB Dongle'
2022-10-05 16:14:19,242 [INFO] DbBoardsSqlite:227 - include board STEVAL-IDP005V1 as a kit item of type 'Evaluation Board'
2022-10-05 16:14:19,242 [INFO] DbBoardsSqlite:227 - include board STEVAL-IDP005V2 as a kit item of type 'Evaluation Board'
2022-10-05 16:14:19,261 [INFO] ApiDb:239 - Found 138 in-development CPN: [B-WB1M-WPAN1, NUCLEO-C031C6, STEVAL-STWINBX1, STM320518-EVAL, STM32C0116-DK, STM32C011D6Y3TR, STM32C011D6Y6TR, STM32C011F4P3, STM32C011F4P6, STM32C011F4U3, STM32C011F4U6TR, STM32C011F6P3, STM32C011F6P6, STM32C011F6U3, STM32C011F6U6TR, STM32C011J4M3, STM32C011J4M6, STM32C011J6M3, STM32C011J6M6, STM32C0316-DK, STM32C031C4T3, STM32C031C4T6, STM32C031C4U3, STM32C031C4U6, STM32C031C6T3, STM32C031C6T6, STM32C031C6U3, STM32C031C6U6, STM32C031F4P3, STM32C031F4P6, STM32C031F6P3, STM32C031F6P6, STM32C031G4U3, STM32C031G4U6, STM32C031G6U3, STM32C031G6U6, STM32C031K4T3, STM32C031K4T6, STM32C031K4U3, STM32C031K4U6, STM32C031K6T3, STM32C031K6T6, STM32C031K6U3, STM32C031K6U6, STM32G071K8TXN, STM32G071K8UXN, STM32G081GBU6N, STM32G081KBT6N, STM32G081KBUXN, STM32G0B1CCT6N, STM32G0B1KCT6, STM32G0B1NEY6TR, STM32G0B1RCT6N, STM32G0C1CCT6, STM32G0C1CCT6N, STM32G0C1CCU6N, STM32G0C1CET6N, STM32G0C1CEU6N, STM32G0C1KCT6, STM32G0C1NEY6TR, STM32G0C1RCI6N, STM32G0C1RCT6N, STM32G0C1REI6N, STM32G0C1RET6N, STM32G0C1VCI6, STM32G0C1VEI6, STM32G471CCT6, STM32G471CCU6, STM32G471CET3, STM32G471CET6, STM32G471CEU3, STM32G471CEU6, STM32G471MCT6, STM32G471MET3, STM32G471MET6, STM32G471MEY6TR, STM32G471QCT6, STM32G471QET3, STM32G471RCT6, STM32G471RET3, STM32G471RET6, STM32G471VCH6, STM32G471VCI6, STM32G471VCT6, STM32G471VEH3, STM32G471VEH6, STM32G471VEI3, STM32G471VEI6, STM32G471VET3, STM32G471VET6, STM32G474CCT6, STM32L476VGY6PTR, STM32L4R5QGI6STR, STM32MP131AAE3, STM32MP131AAF3, STM32MP131AAG3, STM32MP131CAE3, STM32MP131CAF3, STM32MP131CAG3, STM32MP131DAE7, STM32MP131DAF7, STM32MP131DAG7, STM32MP131FAE7, STM32MP131FAF7, STM32MP131FAG7, STM32MP133AAE3, STM32MP133AAF3, STM32MP133AAG3, STM32MP133CAE3, STM32MP133CAF3, STM32MP133CAG3, STM32MP133DAE7, STM32MP133DAF7, STM32MP133DAG7, STM32MP133FAE7, STM32MP133FAF7, STM32MP133FAG7, STM32MP135AAE3, STM32MP135AAF3, STM32MP135AAG3, STM32MP135CAE3, STM32MP135CAF3, STM32MP135CAG3, STM32MP135DAE7, STM32MP135DAF7, STM32MP135DAG7, STM32MP135F-DK, STM32MP135FAE7, STM32MP135FAF7, STM32MP135FAG7, STM32U595ZJT6Q, STM32U599BJY6QTR, STM32U599NIH6Q, STM32U599NJH6Q, STM32U5A5ZJT6Q, STM32U5A9BJY6QTR, STM32U5A9NJH6Q, STM32WB1MMCH6]
2022-10-05 16:14:19,545 [INFO] BoardInfo:879 - No configuration file found for board P-NUCLEO-WB55
2022-10-05 16:14:19,545 [INFO] DbBoards:156 - Kit is not supported: P-NUCLEO-WB55
2022-10-05 16:14:19,551 [INFO] BoardInfo:879 - No configuration file found for board STEVAL-BFA001V1B
2022-10-05 16:14:19,552 [INFO] DbBoards:156 - Kit is not supported: STEVAL-BFA001V1B
2022-10-05 16:14:19,553 [INFO] BoardInfo:879 - No configuration file found for board STEVAL-BFA001V2B
2022-10-05 16:14:19,554 [INFO] DbBoards:156 - Kit is not supported: STEVAL-BFA001V2B
2022-10-05 16:14:19,771 [INFO] DbBoards:160 - Found 176 boards, 173 are supported
2022-10-05 16:14:19,790 [INFO] ApiDb:418 - Load user favorites file C:\Users\user/.stm32cubeide/favorites.boards.txt: 0 item(s)
2022-10-05 16:14:19,790 [INFO] ApiDb:422 - User favorites Boards=[]
2022-10-05 16:14:19,790 [INFO] DbBoards:189 - Set 0 / 0 favorites Boards
2022-10-05 16:14:19,795 [INFO] ApiDb:663 - CubeFinder database Data Model version=2.1
2022-10-05 16:14:19,795 [INFO] ApiDb:664 - CubeFinder database Configuration version=3.0.32
2022-10-05 16:14:19,795 [INFO] ApiDb:665 - CubeFinder database generation date=2022-08-05 (1659688109)
2022-10-05 16:14:19,796 [INFO] ApiDb:666 - CubeFinder database FW Pack versions=[STM32Cube_FW_C0_V1.0.0, STM32Cube_FW_F4_V1.27.1, STM32Cube_FW_F7_V1.17.0, STM32Cube_FW_G0_V1.6.1, STM32Cube_FW_G4_V1.5.0, STM32Cube_FW_H7_V1.10.0, STM32Cube_FW_L5_V1.4.0, STM32Cube_FW_U5_V1.1.1, STM32Cube_FW_WB_V1.14.1, STM32Cube_FW_WL_V1.2.0, X-CUBE-ALGOBUILD_V1.3.0, X-CUBE-ALS_V1.0.1, X-CUBE-AZRTOS-F4_V1.1.0, X-CUBE-AZRTOS-F7_V1.1.0, X-CUBE-AZRTOS-G0_V1.1.0, X-CUBE-AZRTOS-G4_V1.0.0, X-CUBE-AZRTOS-H7_V2.1.0, X-CUBE-AZRTOS-L4_V1.0.0, X-CUBE-AZRTOS-L5_V1.0.0, X-CUBE-AZRTOS-WL_V1.0.0, X-CUBE-BLE1_V6.2.3, X-CUBE-BLE2_V3.3.0, X-CUBE-EEPRMA1_V3.1.1, X-CUBE-GNSS1_V6.0.0, X-CUBE-MEMS1_V9.1.0, X-CUBE-MEMS1_V9.3.0, X-CUBE-NFC4_V2.0.4, X-CUBE-NFC7_V1.0.0, X-CUBE-SFXS2LP1_V4.0.0, X-CUBE-SUBG2_V5.0.0]
2022-10-05 16:14:20,952 [INFO] DbExamplesSqlite:374 - Ignored 31 examples not supported by CubeIDE
2022-10-05 16:14:20,953 [INFO] DbExamplesSqlite:375 - Found 6197 examples active
2022-10-05 16:14:20,953 [INFO] DbExamplesSqlite:376 - Found 89 examples obsolete
2022-10-05 16:14:20,953 [INFO] DbExamplesSqlite:377 - Found 0 examples under development
2022-10-05 16:14:20,953 [INFO] DbExamplesSqlite:378 - Found 76 examples not building
2022-10-05 16:14:20,955 [INFO] DbExamples:124 - Found 6242 examples
2022-10-05 16:14:20,968 [INFO] DbExamples:221 - Found 77 boards with related examples
2022-10-05 16:14:20,969 [INFO] DbExamples:234 - Found 64 MCUs with related examples
2022-10-05 16:14:20,995 [INFO] ApiDb:418 - Load user favorites file C:\Users\user/.stm32cubeide/favorites.examples.txt: 0 item(s)
2022-10-05 16:14:20,995 [INFO] ApiDb:422 - User favorites Examples=[]
2022-10-05 16:14:20,995 [INFO] DbExamples:249 - Set 0 / 0 favorites Examples
2022-10-05 16:14:21,397 [INFO] McuFinderGlobals:57 - Set McuFinderConnectedMode to true
2022-10-05 16:14:21,408 [INFO] MultiScanPanel:195 - Auto-refresh data requested => check proxy status ongoing
2022-10-05 16:14:21,412 [INFO] FinderPluginLoader:92 - Searching for filters in installed packs
2022-10-05 16:14:23,964 [INFO] LoadUrlFilesThread:177 - End of LoadServerUrlFiles without Thread
2022-10-05 16:14:24,142 [INFO] DetailPanel:339 - Set advertising image to C:/Users/user/STM32Cube/Repository/\en.Prom_NBSTM32U50921.jpg
2022-10-05 16:16:11,556 [INFO] ServerAccessManage:474 - Download File 
2022-10-05 16:16:11,634 [INFO] LoadUrlFilesThread:177 - End of LoadServerUrlFiles without Thread
2022-10-05 16:16:11,658 [INFO] McuAction:171 - Block Diagram
2022-10-05 19:43:42,499 [INFO] McuFinderGlobals:57 - Set McuFinderConnectedMode to true
2022-10-05 19:43:42,520 [INFO] ApiDb:443 - Save user favorites file C:\Users\user/.stm32cubeide/favorites.mcus.txt: 0 item(s)
2022-10-05 19:43:42,520 [INFO] ApiDb:447 - User favorites MCUs=[]
2022-10-06 00:38:13,443 [INFO] MainUpdater:2768 - connection check result : 10
2022-10-06 00:38:13,557 [INFO] McuFinderGlobals:57 - Set McuFinderConnectedMode to true
2022-10-06 00:38:13,561 [INFO] MultiScanPanel:195 - Auto-refresh data requested => check proxy status ongoing
2022-10-06 00:38:13,562 [INFO] FinderPluginLoader:92 - Searching for filters in installed packs
2022-10-06 00:38:15,500 [INFO] LoadUrlFilesThread:177 - End of LoadServerUrlFiles without Thread
2022-10-06 00:38:15,500 [INFO] DetailPanel:339 - Set advertising image to C:/Users/user/STM32Cube/Repository/\en.Prom_NBSTM32U50921.jpg
2022-10-06 00:38:16,913 [INFO] ApiDb:576 - Connected to CubeFinder SQLite database (C:\Users\user\.stmcufinder\plugins\mcufinder\mcu\cube-finder-db.db)
2022-10-06 00:38:16,976 [INFO] ApiDb:663 - CubeFinder database Data Model version=2.1
2022-10-06 00:38:16,976 [INFO] ApiDb:664 - CubeFinder database Configuration version=3.0.32
2022-10-06 00:38:16,976 [INFO] ApiDb:665 - CubeFinder database generation date=2022-08-05 (1659688109)
2022-10-06 00:38:16,976 [INFO] ApiDb:666 - CubeFinder database FW Pack versions=[STM32Cube_FW_C0_V1.0.0, STM32Cube_FW_F4_V1.27.1, STM32Cube_FW_F7_V1.17.0, STM32Cube_FW_G0_V1.6.1, STM32Cube_FW_G4_V1.5.0, STM32Cube_FW_H7_V1.10.0, STM32Cube_FW_L5_V1.4.0, STM32Cube_FW_U5_V1.1.1, STM32Cube_FW_WB_V1.14.1, STM32Cube_FW_WL_V1.2.0, X-CUBE-ALGOBUILD_V1.3.0, X-CUBE-ALS_V1.0.1, X-CUBE-AZRTOS-F4_V1.1.0, X-CUBE-AZRTOS-F7_V1.1.0, X-CUBE-AZRTOS-G0_V1.1.0, X-CUBE-AZRTOS-G4_V1.0.0, X-CUBE-AZRTOS-H7_V2.1.0, X-CUBE-AZRTOS-L4_V1.0.0, X-CUBE-AZRTOS-L5_V1.0.0, X-CUBE-AZRTOS-WL_V1.0.0, X-CUBE-BLE1_V6.2.3, X-CUBE-BLE2_V3.3.0, X-CUBE-EEPRMA1_V3.1.1, X-CUBE-GNSS1_V6.0.0, X-CUBE-MEMS1_V9.1.0, X-CUBE-MEMS1_V9.3.0, X-CUBE-NFC4_V2.0.4, X-CUBE-NFC7_V1.0.0, X-CUBE-SFXS2LP1_V4.0.0, X-CUBE-SUBG2_V5.0.0]
2022-10-06 00:38:19,308 [INFO] DbExamplesSqlite:374 - Ignored 31 examples not supported by CubeIDE
2022-10-06 00:38:19,309 [INFO] DbExamplesSqlite:375 - Found 6197 examples active
2022-10-06 00:38:19,309 [INFO] DbExamplesSqlite:376 - Found 89 examples obsolete
2022-10-06 00:38:19,310 [INFO] DbExamplesSqlite:377 - Found 0 examples under development
2022-10-06 00:38:19,310 [INFO] DbExamplesSqlite:378 - Found 76 examples not building
2022-10-06 00:38:19,320 [INFO] DbExamples:124 - Found 6242 examples
2022-10-06 00:38:19,365 [INFO] DbExamples:221 - Found 77 boards with related examples
2022-10-06 00:38:19,367 [INFO] DbExamples:234 - Found 64 MCUs with related examples
2022-10-06 00:38:19,501 [INFO] ApiDb:418 - Load user favorites file C:\Users\user/.stm32cubeide/favorites.examples.txt: 0 item(s)
2022-10-06 00:38:19,502 [INFO] ApiDb:422 - User favorites Examples=[]
2022-10-06 00:38:19,503 [INFO] DbExamples:249 - Set 0 / 0 favorites Examples
2022-10-06 00:38:21,978 [INFO] MultiScanPanel:778 - Auto Refresh Data is not needed
2022-10-06 00:40:05,687 [INFO] LoadUrlFilesThread:177 - End of LoadServerUrlFiles without Thread
2022-10-06 00:40:05,690 [INFO] McuAction:171 - Block Diagram
2022-10-06 00:42:11,431 [INFO] McuFinderGlobals:57 - Set McuFinderConnectedMode to true
2022-10-06 00:42:11,434 [INFO] ApiDb:443 - Save user favorites file C:\Users\user/.stm32cubeide/favorites.mcus.txt: 0 item(s)
2022-10-06 00:42:11,438 [INFO] ApiDb:447 - User favorites MCUs=[]
2022-10-06 01:59:08,166 [ERROR] LogOutputStream:74 - [STDERR_REDIRECT] Warning: NLS missing message: ExternalToolsPreferencePage_External_tool_project_builders_migration_2 in: org.eclipse.ui.externaltools.internal.ui.ExternalToolsUIMessages
2022-10-06 01:59:08,173 [ERROR] LogOutputStream:74 - [STDERR_REDIRECT] Warning: NLS missing message: ExternalToolsPreferencePage_Prompt_before_migrating_3 in: org.eclipse.ui.externaltools.internal.ui.ExternalToolsUIMessages
2022-10-06 01:59:08,178 [ERROR] LogOutputStream:74 - [STDERR_REDIRECT] Warning: NLS missing message: ExternalToolsPreferencePage_1 in: org.eclipse.ui.externaltools.internal.ui.ExternalToolsUIMessages
2022-10-06 06:02:22,271 [ERROR] LogOutputStream:74 - [STDERR_REDIRECT] 
2022-10-06 06:02:42,707 [INFO] Activator:177 - 


2022-10-06 06:02:42,708 [INFO] Activator:178 - !SESSION log4j initialized
2022-10-06 06:03:07,241 [ERROR] LogOutputStream:74 - [STDERR_REDIRECT] SLF4J: Failed to load class "org.slf4j.impl.StaticLoggerBinder".
2022-10-06 06:03:07,242 [ERROR] LogOutputStream:74 - [STDERR_REDIRECT] SLF4J: Defaulting to no-operation (NOP) logger implementation
2022-10-06 06:03:07,244 [ERROR] LogOutputStream:74 - [STDERR_REDIRECT] SLF4J: See http://www.slf4j.org/codes.html#StaticLoggerBinder for further details.
2022-10-06 06:04:22,800 [INFO] Activator:177 - 


2022-10-06 06:04:22,801 [INFO] Activator:178 - !SESSION log4j initialized
2022-10-06 06:05:02,660 [ERROR] LogOutputStream:74 - [STDERR_REDIRECT] SLF4J: Failed to load class "org.slf4j.impl.StaticLoggerBinder".
2022-10-06 06:05:02,661 [ERROR] LogOutputStream:74 - [STDERR_REDIRECT] SLF4J: Defaulting to no-operation (NOP) logger implementation
2022-10-06 06:05:02,662 [ERROR] LogOutputStream:74 - [STDERR_REDIRECT] SLF4J: See http://www.slf4j.org/codes.html#StaticLoggerBinder for further details.
2022-10-06 06:05:25,966 [INFO] Activator:177 - 


2022-10-06 06:05:25,967 [INFO] Activator:178 - !SESSION log4j initialized
2022-10-06 06:05:49,901 [ERROR] LogOutputStream:74 - [STDERR_REDIRECT] SLF4J: Failed to load class "org.slf4j.impl.StaticLoggerBinder".
2022-10-06 06:05:49,902 [ERROR] LogOutputStream:74 - [STDERR_REDIRECT] SLF4J: Defaulting to no-operation (NOP) logger implementation
2022-10-06 06:05:49,904 [ERROR] LogOutputStream:74 - [STDERR_REDIRECT] SLF4J: See http://www.slf4j.org/codes.html#StaticLoggerBinder for further details.
2022-10-06 06:07:19,856 [INFO] Activator:177 - 


2022-10-06 06:07:19,857 [INFO] Activator:178 - !SESSION log4j initialized
2022-10-06 06:07:44,067 [ERROR] LogOutputStream:74 - [STDERR_REDIRECT] SLF4J: Failed to load class "org.slf4j.impl.StaticLoggerBinder".
2022-10-06 06:07:44,069 [ERROR] LogOutputStream:74 - [STDERR_REDIRECT] SLF4J: Defaulting to no-operation (NOP) logger implementation
2022-10-06 06:07:44,070 [ERROR] LogOutputStream:74 - [STDERR_REDIRECT] SLF4J: See http://www.slf4j.org/codes.html#StaticLoggerBinder for further details.
2022-10-10 06:31:24,709 [INFO] Activator:177 - 


2022-10-10 06:31:24,734 [INFO] Activator:178 - !SESSION log4j initialized
2022-10-10 21:54:14,848 [INFO] Activator:177 - 


2022-10-10 21:54:14,874 [INFO] Activator:178 - !SESSION log4j initialized
2022-10-10 21:54:39,579 [ERROR] LogOutputStream:74 - [STDERR_REDIRECT] SLF4J: Failed to load class "org.slf4j.impl.StaticLoggerBinder".
2022-10-10 21:54:39,581 [ERROR] LogOutputStream:74 - [STDERR_REDIRECT] SLF4J: Defaulting to no-operation (NOP) logger implementation
2022-10-10 21:54:39,583 [ERROR] LogOutputStream:74 - [STDERR_REDIRECT] SLF4J: See http://www.slf4j.org/codes.html#StaticLoggerBinder for further details.
2022-10-10 21:54:39,727 [INFO] McuFinderGlobals:44 - Set McuFinder mode to 2 (CubeIDE integrated)
2022-10-10 21:54:39,858 [INFO] ApplicationProperties:181 - Using Application install path: C:\ST\STM32CubeIDE_1.10.1\STM32CubeIDE\plugins\com.st.stm32cube.common.mx_6.6.1.202207061420
2022-10-10 21:54:39,881 [INFO] DbMcusXml:77 - Set database path to: C:\ST\STM32CubeIDE_1.10.1\STM32CubeIDE\plugins\com.st.stm32cube.common.mx_6.6.1.202207061420\\db\/mcu/
2022-10-10 21:54:39,882 [INFO] ApiDb:269 - Set plugin database path to: C:\ST\STM32CubeIDE_1.10.1\STM32CubeIDE\plugins\com.st.stm32cube.common.mx_6.6.1.202207061420\\db\/plugins/boardmanager/
2022-10-10 21:54:39,885 [WARN] ApiDb:254 - Overriding images path with different value:  => C:\ST\STM32CubeIDE_1.10.1\STM32CubeIDE\plugins\com.st.stm32cube.common.mx_6.6.1.202207061420\\db\/plugins/mcufinder/images/
2022-10-10 21:54:39,931 [INFO] ApiDb:249 - Set database path to: C:\Users\user\.stmcufinder\plugins\mcufinder//mcu/
2022-10-10 21:54:39,933 [INFO] DbMcusAds:124 - Set database path to: C:\Users\user\.stmcufinder\plugins\mcufinder//mcu/
2022-10-10 21:54:39,962 [INFO] CrossReferenceDbSqlite:201 - Set database path to: C:\Users\user\.stmcufinder\plugins\mcufinder//mcu/cs/
2022-10-10 21:54:40,108 [INFO] RulesReader:61 - Compatibility file has been processed (282 Rules)
2022-10-10 21:54:40,289 [INFO] DbMcusXml:77 - Set database path to: C:\ST\STM32CubeIDE_1.10.1\STM32CubeIDE\plugins\com.st.stm32cube.common.mx_6.6.1.202207061420\\db\/mcu/
2022-10-10 21:54:40,289 [INFO] ApiDb:269 - Set plugin database path to: C:\ST\STM32CubeIDE_1.10.1\STM32CubeIDE\plugins\com.st.stm32cube.common.mx_6.6.1.202207061420\\db\/plugins/boardmanager/
2022-10-10 21:54:40,290 [INFO] ApiDb:256 - Set plugin images path to: C:\ST\STM32CubeIDE_1.10.1\STM32CubeIDE\plugins\com.st.stm32cube.common.mx_6.6.1.202207061420\\db\/plugins/mcufinder/images/
2022-10-10 21:54:40,290 [WARN] DbFile:40 - Overriding database path with different value: C:\Users\user\.stmcufinder\plugins\mcufinder/ => C:\Users\user\.stmcufinder\plugins\mcufinder
2022-10-10 21:54:40,291 [INFO] ApiDb:249 - Set database path to: C:\Users\user\.stmcufinder\plugins\mcufinder//mcu/
2022-10-10 21:54:40,291 [WARN] DbFile:40 - Overriding database path with different value: C:\Users\user\.stmcufinder\plugins\mcufinder/ => C:\Users\user\.stmcufinder\plugins\mcufinder
2022-10-10 21:54:40,291 [INFO] DbMcusAds:124 - Set database path to: C:\Users\user\.stmcufinder\plugins\mcufinder//mcu/
2022-10-10 21:54:40,292 [WARN] DbFile:40 - Overriding database path with different value: C:\Users\user\.stmcufinder\plugins\mcufinder/ => C:\Users\user\.stmcufinder\plugins\mcufinder
2022-10-10 21:54:40,293 [WARN] DbFile:40 - Overriding database path with different value: C:\Users\user\.stmcufinder\plugins\mcufinder/ => C:\Users\user\.stmcufinder\plugins\mcufinder
2022-10-10 21:54:40,293 [INFO] CrossReferenceDbSqlite:201 - Set database path to: C:\Users\user\.stmcufinder\plugins\mcufinder//mcu/cs/
2022-10-10 21:54:40,402 [INFO] MainPanel:242 - HeapMemory: 268435456
2022-10-10 21:54:40,472 [INFO] DbMcusXml:77 - Set database path to: C:\ST\STM32CubeIDE_1.10.1\STM32CubeIDE\plugins\com.st.stm32cube.common.mx_6.6.1.202207061420\\db\/mcu/
2022-10-10 21:54:40,473 [INFO] ApiDb:269 - Set plugin database path to: C:\ST\STM32CubeIDE_1.10.1\STM32CubeIDE\plugins\com.st.stm32cube.common.mx_6.6.1.202207061420\\db\/plugins/boardmanager/
2022-10-10 21:54:40,473 [INFO] ApiDb:256 - Set plugin images path to: C:\ST\STM32CubeIDE_1.10.1\STM32CubeIDE\plugins\com.st.stm32cube.common.mx_6.6.1.202207061420\\db\/plugins/mcufinder/images/
2022-10-10 21:54:40,474 [WARN] DbFile:40 - Overriding database path with different value: C:\Users\user\.stmcufinder\plugins\mcufinder/ => C:\Users\user\.stmcufinder\plugins\mcufinder
2022-10-10 21:54:40,474 [INFO] ApiDb:249 - Set database path to: C:\Users\user\.stmcufinder\plugins\mcufinder//mcu/
2022-10-10 21:54:40,474 [WARN] DbFile:40 - Overriding database path with different value: C:\Users\user\.stmcufinder\plugins\mcufinder/ => C:\Users\user\.stmcufinder\plugins\mcufinder
2022-10-10 21:54:40,474 [INFO] DbMcusAds:124 - Set database path to: C:\Users\user\.stmcufinder\plugins\mcufinder//mcu/
2022-10-10 21:54:40,474 [WARN] DbFile:40 - Overriding database path with different value: C:\Users\user\.stmcufinder\plugins\mcufinder/ => C:\Users\user\.stmcufinder\plugins\mcufinder
2022-10-10 21:54:40,475 [WARN] DbFile:40 - Overriding database path with different value: C:\Users\user\.stmcufinder\plugins\mcufinder/ => C:\Users\user\.stmcufinder\plugins\mcufinder
2022-10-10 21:54:40,475 [INFO] CrossReferenceDbSqlite:201 - Set database path to: C:\Users\user\.stmcufinder\plugins\mcufinder//mcu/cs/
2022-10-10 21:54:40,500 [INFO] ApplicationProperties:181 - Using Application install path: C:\ST\STM32CubeIDE_1.10.1\STM32CubeIDE\plugins\com.st.stm32cube.common.mx_6.6.1.202207061420
2022-10-10 21:54:40,501 [INFO] PluginManage:193 - Search for loadable plugins [exclusion list=, ]
2022-10-10 21:54:40,503 [INFO] PluginManage:307 - Check plugin analytics
2022-10-10 21:54:40,696 [INFO] AnalyticsPlugin:262 - Accepted Software Licenses: 
2022-10-10 21:54:40,697 [INFO] AnalyticsPlugin:264 - Accepted CMSIS Pack Licenses: 
2022-10-10 21:54:40,698 [INFO] AnalyticsPlugin:266 - Accepted Firmware Licenses: 
2022-10-10 21:54:40,713 [INFO] PluginManage:356 - Loaded plugin analytics (category:tool,tabindex:-1)
2022-10-10 21:54:40,713 [INFO] PluginManage:307 - Check plugin cadmodel
2022-10-10 21:54:40,717 [INFO] CADModel:65 - Init CAD model plugin
2022-10-10 21:54:40,717 [INFO] PluginManage:356 - Loaded plugin cadmodel (category:power,tabindex:5)
2022-10-10 21:54:40,718 [INFO] PluginManage:307 - Check plugin clock
2022-10-10 21:54:40,732 [INFO] PluginManage:356 - Loaded plugin clock (category:base,tabindex:2)
2022-10-10 21:54:40,733 [INFO] PluginManage:307 - Check plugin ddr
2022-10-10 21:54:40,735 [INFO] PluginManage:356 - Loaded plugin ddr (category:tool,tabindex:6)
2022-10-10 21:54:40,736 [INFO] PluginManage:307 - Check plugin filemanager
2022-10-10 21:54:40,897 [INFO] PluginManage:356 - Loaded plugin filemanager (category:base,tabindex:10)
2022-10-10 21:54:40,897 [INFO] PluginManage:307 - Check plugin ipmanager
2022-10-10 21:54:40,908 [INFO] PluginManage:356 - Loaded plugin ipmanager (category:base,tabindex:5)
2022-10-10 21:54:40,908 [INFO] PluginManage:307 - Check plugin lpbam
2022-10-10 21:54:40,923 [INFO] PluginManage:356 - Loaded plugin lpbam (category:base,tabindex:0)
2022-10-10 21:54:40,924 [INFO] PluginManage:307 - Check plugin pinoutandconfiguration
2022-10-10 21:54:40,935 [INFO] PluginManage:356 - Loaded plugin pinoutandconfiguration (category:base,tabindex:1)
2022-10-10 21:54:40,935 [INFO] PluginManage:307 - Check plugin pinoutconfig
2022-10-10 21:54:40,967 [INFO] PluginManage:356 - Loaded plugin pinoutconfig (category:base,tabindex:0)
2022-10-10 21:54:40,967 [INFO] PluginManage:307 - Check plugin power
2022-10-10 21:54:40,986 [INFO] PluginManage:356 - Loaded plugin power (category:power,tabindex:4)
2022-10-10 21:54:40,986 [INFO] PluginManage:307 - Check plugin projectmanager
2022-10-10 21:54:41,010 [INFO] PluginManage:356 - Loaded plugin projectmanager (category:projectmanager,tabindex:3)
2022-10-10 21:54:41,010 [INFO] PluginManage:307 - Check plugin thirdparty
2022-10-10 21:54:41,174 [WARN] IntegrityCheckThread:82 - waiting for thirdparty lock release [integrity check]
2022-10-10 21:54:41,174 [INFO] PluginManage:356 - Loaded plugin thirdparty (category:base,tabindex:-1)
2022-10-10 21:54:41,175 [INFO] IntegrityCheckThread:84 - entering critical section [integrity check]
2022-10-10 21:54:41,175 [INFO] PluginManage:307 - Check plugin tools
2022-10-10 21:54:41,181 [INFO] ThirdPartyUpdaterWithRetryManager:70 - Updater plugin not ready yet. [1/15]
2022-10-10 21:54:41,181 [INFO] PluginManage:356 - Loaded plugin tools (category:base,tabindex:7)
2022-10-10 21:54:41,182 [INFO] PluginManage:307 - Check plugin tutovideos
2022-10-10 21:54:41,462 [INFO] PluginManage:356 - Loaded plugin tutovideos (category:base,tabindex:-1)
2022-10-10 21:54:41,463 [INFO] PluginManage:307 - Check plugin updater
2022-10-10 21:54:41,486 [INFO] PluginManage:356 - Loaded plugin updater (category:base,tabindex:12)
2022-10-10 21:54:41,487 [INFO] PluginManage:280 - PluginManage : Loaded plugins [15]
2022-10-10 21:54:41,814 [INFO] PinOutPanel:1468 - setPackage(No Configuration,No Configuration)
2022-10-10 21:54:41,906 [INFO] CADModel:98 - CPN selected for project level
2022-10-10 21:54:41,922 [INFO] IPUIPlugin:79 - create IPUIPlugin
2022-10-10 21:54:41,922 [INFO] PluginManager:217 - loadIPPluginJar : add adc
2022-10-10 21:54:41,925 [INFO] IPUIPlugin:79 - create IPUIPlugin
2022-10-10 21:54:41,926 [INFO] PluginManager:217 - loadIPPluginJar : add aes
2022-10-10 21:54:41,929 [INFO] IPUIPlugin:79 - create IPUIPlugin
2022-10-10 21:54:41,930 [INFO] PluginManager:217 - loadIPPluginJar : add can
2022-10-10 21:54:41,932 [INFO] IPUIPlugin:79 - create IPUIPlugin
2022-10-10 21:54:41,932 [INFO] PluginManager:217 - loadIPPluginJar : add comp
2022-10-10 21:54:41,934 [INFO] IPUIPlugin:79 - create IPUIPlugin
2022-10-10 21:54:41,934 [INFO] PluginManager:217 - loadIPPluginJar : add cryp
2022-10-10 21:54:41,936 [INFO] IPUIPlugin:79 - create IPUIPlugin
2022-10-10 21:54:41,936 [INFO] PluginManager:217 - loadIPPluginJar : add dfsdm
2022-10-10 21:54:41,944 [INFO] IPUIPlugin:79 - create IPUIPlugin
2022-10-10 21:54:41,945 [INFO] PluginManager:217 - loadIPPluginJar : add dma
2022-10-10 21:54:41,950 [INFO] IPUIPlugin:79 - create IPUIPlugin
2022-10-10 21:54:41,950 [INFO] PluginManager:217 - loadIPPluginJar : add dma3
2022-10-10 21:54:41,952 [INFO] IPUIPlugin:79 - create IPUIPlugin
2022-10-10 21:54:41,952 [INFO] PluginManager:217 - loadIPPluginJar : add fatfs
2022-10-10 21:54:41,957 [INFO] IPUIPlugin:79 - create IPUIPlugin
2022-10-10 21:54:41,957 [INFO] PluginManager:217 - loadIPPluginJar : add fmc
2022-10-10 21:54:41,966 [INFO] IPUIPlugin:79 - create IPUIPlugin
2022-10-10 21:54:41,966 [INFO] PluginManager:217 - loadIPPluginJar : add freertos
2022-10-10 21:54:41,967 [INFO] IPUIPlugin:79 - create IPUIPlugin
2022-10-10 21:54:41,968 [INFO] PluginManager:217 - loadIPPluginJar : add genericplugin
2022-10-10 21:54:41,970 [INFO] IPUIPlugin:79 - create IPUIPlugin
2022-10-10 21:54:41,970 [INFO] PluginManager:217 - loadIPPluginJar : add gfxmmu
2022-10-10 21:54:41,974 [INFO] IPUIPlugin:79 - create IPUIPlugin
2022-10-10 21:54:41,975 [INFO] PluginManager:217 - loadIPPluginJar : add gic
2022-10-10 21:54:41,981 [INFO] IPUIPlugin:79 - create IPUIPlugin
2022-10-10 21:54:41,981 [INFO] PluginManager:217 - loadIPPluginJar : add gpio
2022-10-10 21:54:41,984 [INFO] IPUIPlugin:79 - create IPUIPlugin
2022-10-10 21:54:41,984 [INFO] PluginManager:217 - loadIPPluginJar : add gtzc
2022-10-10 21:54:41,986 [INFO] IPUIPlugin:79 - create IPUIPlugin
2022-10-10 21:54:41,986 [INFO] PluginManager:217 - loadIPPluginJar : add hash
2022-10-10 21:54:41,989 [INFO] IPUIPlugin:79 - create IPUIPlugin
2022-10-10 21:54:41,989 [INFO] PluginManager:217 - loadIPPluginJar : add i2c
2022-10-10 21:54:41,991 [INFO] IPUIPlugin:79 - create IPUIPlugin
2022-10-10 21:54:41,992 [INFO] PluginManager:217 - loadIPPluginJar : add i2s
2022-10-10 21:54:41,995 [INFO] IPUIPlugin:79 - create IPUIPlugin
2022-10-10 21:54:41,995 [INFO] PluginManager:217 - loadIPPluginJar : add ipddr
2022-10-10 21:54:42,001 [INFO] IPUIPlugin:79 - create IPUIPlugin
2022-10-10 21:54:42,001 [INFO] PluginManager:217 - loadIPPluginJar : add linkedlist
2022-10-10 21:54:42,003 [INFO] IPUIPlugin:79 - create IPUIPlugin
2022-10-10 21:54:42,004 [INFO] PluginManager:217 - loadIPPluginJar : add lorawan
2022-10-10 21:54:42,006 [INFO] IPUIPlugin:79 - create IPUIPlugin
2022-10-10 21:54:42,006 [INFO] PluginManager:217 - loadIPPluginJar : add ltdc
2022-10-10 21:54:42,011 [INFO] IPUIPlugin:79 - create IPUIPlugin
2022-10-10 21:54:42,011 [INFO] PluginManager:217 - loadIPPluginJar : add mdma
2022-10-10 21:54:42,014 [INFO] IPUIPlugin:79 - create IPUIPlugin
2022-10-10 21:54:42,014 [INFO] PluginManager:217 - loadIPPluginJar : add nvic
2022-10-10 21:54:42,016 [INFO] IPUIPlugin:79 - create IPUIPlugin
2022-10-10 21:54:42,017 [INFO] PluginManager:217 - loadIPPluginJar : add opamp
2022-10-10 21:54:42,019 [INFO] IPUIPlugin:79 - create IPUIPlugin
2022-10-10 21:54:42,019 [INFO] PluginManager:217 - loadIPPluginJar : add openamp
2022-10-10 21:54:42,022 [INFO] IPUIPlugin:79 - create IPUIPlugin
2022-10-10 21:54:42,022 [INFO] PluginManager:217 - loadIPPluginJar : add pdm2pcm
2022-10-10 21:54:42,028 [INFO] IPUIPlugin:79 - create IPUIPlugin
2022-10-10 21:54:42,033 [INFO] PluginManager:217 - loadIPPluginJar : add plateformsettings
2022-10-10 21:54:42,035 [INFO] IPUIPlugin:79 - create IPUIPlugin
2022-10-10 21:54:42,036 [INFO] PluginManager:217 - loadIPPluginJar : add quadspi
2022-10-10 21:54:42,039 [INFO] IPUIPlugin:79 - create IPUIPlugin
2022-10-10 21:54:42,039 [INFO] PluginManager:217 - loadIPPluginJar : add resmgrutility
2022-10-10 21:54:42,042 [INFO] IPUIPlugin:79 - create IPUIPlugin
2022-10-10 21:54:42,042 [INFO] PluginManager:217 - loadIPPluginJar : add sai
2022-10-10 21:54:42,045 [INFO] IPUIPlugin:79 - create IPUIPlugin
2022-10-10 21:54:42,046 [INFO] PluginManager:217 - loadIPPluginJar : add spi
2022-10-10 21:54:42,050 [INFO] IPUIPlugin:79 - create IPUIPlugin
2022-10-10 21:54:42,050 [INFO] PluginManager:217 - loadIPPluginJar : add stm32_wpan
2022-10-10 21:54:42,052 [INFO] IPUIPlugin:79 - create IPUIPlugin
2022-10-10 21:54:42,053 [INFO] PluginManager:217 - loadIPPluginJar : add tim
2022-10-10 21:54:42,056 [INFO] IPUIPlugin:79 - create IPUIPlugin
2022-10-10 21:54:42,056 [INFO] PluginManager:217 - loadIPPluginJar : add touchsensing
2022-10-10 21:54:42,058 [INFO] IPUIPlugin:79 - create IPUIPlugin
2022-10-10 21:54:42,058 [INFO] PluginManager:217 - loadIPPluginJar : add tracer_emb
2022-10-10 21:54:42,060 [INFO] IPUIPlugin:79 - create IPUIPlugin
2022-10-10 21:54:42,060 [INFO] PluginManager:217 - loadIPPluginJar : add ts
2022-10-10 21:54:42,062 [INFO] IPUIPlugin:79 - create IPUIPlugin
2022-10-10 21:54:42,063 [INFO] PluginManager:217 - loadIPPluginJar : add tsc
2022-10-10 21:54:42,064 [INFO] IPUIPlugin:79 - create IPUIPlugin
2022-10-10 21:54:42,065 [INFO] PluginManager:217 - loadIPPluginJar : add ucpd
2022-10-10 21:54:42,067 [INFO] IPUIPlugin:79 - create IPUIPlugin
2022-10-10 21:54:42,067 [INFO] PluginManager:217 - loadIPPluginJar : add usart
2022-10-10 21:54:42,070 [INFO] IPUIPlugin:79 - create IPUIPlugin
2022-10-10 21:54:42,071 [INFO] PluginManager:217 - loadIPPluginJar : add usbx
2022-10-10 21:54:42,458 [FATAL] Updater:301 - Updater called before beeing initialized
2022-10-10 21:54:42,623 [FATAL] Updater:301 - Updater called before beeing initialized
2022-10-10 21:54:42,631 [INFO] DbMcusAds:52 - JSON generation date=Wed Sep 29 23:55:09 PDT 2021 (1632984909247)
2022-10-10 21:54:42,632 [FATAL] Updater:301 - Updater called before beeing initialized
2022-10-10 21:54:42,671 [WARN] DetailPanel:344 - Failed to get advertising image, set to default
2022-10-10 21:54:42,825 [FATAL] Updater:301 - Updater called before beeing initialized
2022-10-10 21:54:42,827 [FATAL] Updater:301 - Updater called before beeing initialized
2022-10-10 21:54:42,828 [FATAL] Updater:301 - Updater called before beeing initialized
2022-10-10 21:54:42,828 [WARN] DetailPanel:344 - Failed to get advertising image, set to default
2022-10-10 21:54:42,829 [FATAL] Updater:301 - Updater called before beeing initialized
2022-10-10 21:54:42,889 [ERROR] Updater:1105 - MainUpdater not yet initialized. External WinMGr cannot be set.
2022-10-10 21:54:42,891 [INFO] Updater:1041 - Updater Version found : 6.6.1
2022-10-10 21:54:42,907 [INFO] ApplicationProperties:181 - Using Application install path: C:\ST\STM32CubeIDE_1.10.1\STM32CubeIDE\plugins\com.st.stm32cube.common.mx_6.6.1.202207061420
2022-10-10 21:54:43,396 [INFO] MainUpdater:2768 - connection check result : 10
2022-10-10 21:54:43,397 [INFO] MainUpdater:280 - Updater Check For Update Now.
2022-10-10 21:54:43,397 [INFO] MicroXplorer:481 - Change Database Version : DB.6.0.60
2022-10-10 21:54:43,593 [INFO] CheckServerUpdateThread:119 - End of CheckServer Thread
2022-10-10 21:54:43,616 [INFO] MainUpdater:2768 - connection check result : 10
2022-10-10 21:54:43,885 [INFO] McuFinderGlobals:57 - Set McuFinderConnectedMode to true
2022-10-10 21:54:43,899 [INFO] MultiScanPanel:195 - Auto-refresh data requested => check proxy status ongoing
2022-10-10 21:54:43,905 [INFO] FinderPluginLoader:92 - Searching for filters in installed packs
2022-10-10 21:54:44,037 [INFO] ApiDb:576 - Connected to CubeFinder SQLite database (C:\Users\user\.stmcufinder\plugins\mcufinder\mcu\cube-finder-db.db)
2022-10-10 21:54:44,081 [INFO] ApiDb:663 - CubeFinder database Data Model version=2.1
2022-10-10 21:54:44,082 [INFO] ApiDb:664 - CubeFinder database Configuration version=3.0.32
2022-10-10 21:54:44,082 [INFO] ApiDb:665 - CubeFinder database generation date=2022-08-05 (1659688109)
2022-10-10 21:54:44,082 [INFO] ApiDb:666 - CubeFinder database FW Pack versions=[STM32Cube_FW_C0_V1.0.0, STM32Cube_FW_F4_V1.27.1, STM32Cube_FW_F7_V1.17.0, STM32Cube_FW_G0_V1.6.1, STM32Cube_FW_G4_V1.5.0, STM32Cube_FW_H7_V1.10.0, STM32Cube_FW_L5_V1.4.0, STM32Cube_FW_U5_V1.1.1, STM32Cube_FW_WB_V1.14.1, STM32Cube_FW_WL_V1.2.0, X-CUBE-ALGOBUILD_V1.3.0, X-CUBE-ALS_V1.0.1, X-CUBE-AZRTOS-F4_V1.1.0, X-CUBE-AZRTOS-F7_V1.1.0, X-CUBE-AZRTOS-G0_V1.1.0, X-CUBE-AZRTOS-G4_V1.0.0, X-CUBE-AZRTOS-H7_V2.1.0, X-CUBE-AZRTOS-L4_V1.0.0, X-CUBE-AZRTOS-L5_V1.0.0, X-CUBE-AZRTOS-WL_V1.0.0, X-CUBE-BLE1_V6.2.3, X-CUBE-BLE2_V3.3.0, X-CUBE-EEPRMA1_V3.1.1, X-CUBE-GNSS1_V6.0.0, X-CUBE-MEMS1_V9.1.0, X-CUBE-MEMS1_V9.3.0, X-CUBE-NFC4_V2.0.4, X-CUBE-NFC7_V1.0.0, X-CUBE-SFXS2LP1_V4.0.0, X-CUBE-SUBG2_V5.0.0]
2022-10-10 21:54:44,393 [WARN] PackLoader:242 - Cannot read IP mode file for wolfSSL.I-CUBE-wolfSSL.5.2.0
2022-10-10 21:54:44,416 [WARN] PackLoader:242 - Cannot read IP mode file for STMicroelectronics.X-CUBE-GNSS1.6.0.0
2022-10-10 21:54:44,468 [WARN] PackLoader:242 - Cannot read IP mode file for STMicroelectronics.X-CUBE-AZRTOS-F4.1.1.0
2022-10-10 21:54:44,579 [WARN] PackLoader:242 - Cannot read IP mode file for STMicroelectronics.X-CUBE-MEMS1.9.2.0
2022-10-10 21:54:44,876 [WARN] PackLoader:242 - Cannot read IP mode file for STMicroelectronics.X-CUBE-AZRTOS-F7.1.1.0
2022-10-10 21:54:44,886 [WARN] PackLoader:242 - Cannot read IP mode file for STMicroelectronics.X-CUBE-AI.7.1.0
2022-10-10 21:54:44,893 [WARN] PackLoader:242 - Cannot read IP mode file for STMicroelectronics.X-CUBE-BLE1.6.2.3
2022-10-10 21:54:44,898 [WARN] PackLoader:242 - Cannot read IP mode file for STMicroelectronics.X-CUBE-BLE1.6.2.2
2022-10-10 21:54:44,904 [WARN] PackLoader:242 - Cannot read IP mode file for STMicroelectronics.X-CUBE-NFC4.2.0.4
2022-10-10 21:54:44,911 [WARN] PackLoader:242 - Cannot read IP mode file for STMicroelectronics.X-CUBE-BLE2.3.2.2
2022-10-10 21:54:44,917 [WARN] PackLoader:242 - Cannot read IP mode file for STMicroelectronics.X-CUBE-NFC4.2.0.3
2022-10-10 21:54:44,931 [WARN] PackLoader:242 - Cannot read IP mode file for STMicroelectronics.X-CUBE-TOF1.3.1.0
2022-10-10 21:54:44,949 [WARN] PackLoader:242 - Cannot read IP mode file for STMicroelectronics.X-CUBE-SFXS2LP1.3.1.0
2022-10-10 21:54:44,978 [WARN] PackLoader:242 - Cannot read IP mode file for STMicroelectronics.X-CUBE-AZRTOS-F4.1.0.0
2022-10-10 21:54:44,993 [WARN] PackLoader:242 - Cannot read IP mode file for STMicroelectronics.X-CUBE-NFC7.1.0.0
2022-10-10 21:54:45,012 [WARN] PackLoader:242 - Cannot read IP mode file for STMicroelectronics.X-CUBE-SUBG2.4.2.0
2022-10-10 21:54:45,105 [WARN] PackLoader:242 - Cannot read IP mode file for STMicroelectronics.X-CUBE-MEMS1.9.3.0
2022-10-10 21:54:45,275 [WARN] PackLoader:242 - Cannot read IP mode file for STMicroelectronics.X-CUBE-AI.7.2.0
2022-10-10 21:54:45,289 [WARN] PackLoader:242 - Cannot read IP mode file for STMicroelectronics.X-CUBE-AZRTOS-G0.1.0.0
2022-10-10 21:54:45,299 [WARN] PackLoader:242 - Cannot read IP mode file for STMicroelectronics.X-CUBE-SFXS2LP1.4.0.0
2022-10-10 21:54:45,305 [WARN] PackLoader:242 - Cannot read IP mode file for STMicroelectronics.X-CUBE-BLE2.3.3.0
2022-10-10 21:54:45,318 [WARN] PackLoader:242 - Cannot read IP mode file for STMicroelectronics.X-CUBE-DISPLAY.2.2.0
2022-10-10 21:54:45,324 [WARN] PackLoader:242 - Cannot read IP mode file for STMicroelectronics.X-CUBE-TOUCHGFX.4.18.1
2022-10-10 21:54:45,328 [WARN] PackLoader:242 - Cannot read IP mode file for STMicroelectronics.X-CUBE-ISPU.1.0.0
2022-10-10 21:54:45,338 [WARN] PackLoader:242 - Cannot read IP mode file for RoweBots.I-CUBE-UNISONRTOS.5.5.0-4
2022-10-10 21:54:45,366 [WARN] PackLoader:242 - Cannot read IP mode file for STMicroelectronics.X-CUBE-AZRTOS-H7.2.1.0
2022-10-10 21:54:45,379 [WARN] PackLoader:242 - Cannot read IP mode file for STMicroelectronics.X-CUBE-BLEMGR.1.0.0
2022-10-10 21:54:45,401 [WARN] PackLoader:242 - Cannot read IP mode file for STMicroelectronics.X-CUBE-ALGOBUILD.1.3.0
2022-10-10 21:54:45,420 [WARN] PackLoader:242 - Cannot read IP mode file for STMicroelectronics.X-CUBE-AZRTOS-G0.1.1.0
2022-10-10 21:54:45,432 [WARN] PackLoader:242 - Cannot read IP mode file for STMicroelectronics.X-CUBE-SUBG2.5.0.0
2022-10-10 21:54:45,484 [WARN] PackLoader:242 - Cannot read IP mode file for SEGGER.I-CUBE-embOS.1.2.0
2022-10-10 21:54:45,521 [WARN] PackLoader:242 - Cannot read IP mode file for STMicroelectronics.FP-ATR-ASTRA1.1.1.1
2022-10-10 21:54:45,546 [WARN] PackLoader:242 - Cannot read IP mode file for STMicroelectronics.X-CUBE-AZRTOS-H7.2.0.0
2022-10-10 21:54:45,566 [WARN] PackLoader:242 - Cannot read IP mode file for STMicroelectronics.X-CUBE-AZRTOS-G4.1.0.0
2022-10-10 21:54:45,590 [WARN] PackLoader:242 - Cannot read IP mode file for STMicroelectronics.X-CUBE-AZRTOS-L4.1.0.0
2022-10-10 21:54:45,600 [WARN] PackLoader:242 - Cannot read IP mode file for emotas.I-CUBE-CANOPEN.1.1.2
2022-10-10 21:54:45,603 [WARN] PackLoader:242 - Cannot read IP mode file for STMicroelectronics.X-CUBE-TOUCHGFX.4.20.0
2022-10-10 21:54:45,625 [WARN] PackLoader:242 - Cannot read IP mode file for STMicroelectronics.X-CUBE-AZRTOS-F7.1.0.0
2022-10-10 21:54:45,642 [WARN] PackLoader:242 - Cannot read IP mode file for STMicroelectronics.X-CUBE-AZRTOS-WL.1.0.0
2022-10-10 21:54:45,702 [WARN] PackLoader:242 - Cannot read IP mode file for STMicroelectronics.X-CUBE-MEMS1.9.1.0
2022-10-10 21:54:45,841 [WARN] PackLoader:242 - Cannot read IP mode file for portGmbH.I-Cube-SoM-uGOAL.1.1.0
2022-10-10 21:54:45,846 [WARN] PackLoader:242 - Cannot read IP mode file for STMicroelectronics.X-CUBE-ALS.1.0.1
2022-10-10 21:54:45,861 [WARN] PackLoader:242 - Cannot read IP mode file for STMicroelectronics.X-CUBE-AZRTOS-L5.1.0.0
2022-10-10 21:54:45,866 [WARN] PackLoader:242 - Cannot read IP mode file for STMicroelectronics.X-CUBE-EEPRMA1.3.1.1
2022-10-10 21:54:45,871 [WARN] PackLoader:242 - Cannot read IP mode file for STMicroelectronics.X-CUBE-GNSS1.5.2.0
2022-10-10 21:54:45,875 [WARN] PackLoader:242 - Cannot read IP mode file for STMicroelectronics.X-CUBE-DISPLAY.2.0.1
2022-10-10 21:54:45,883 [WARN] PackLoader:242 - Cannot read IP mode file for STMicroelectronics.X-CUBE-TOF1.3.0.0
2022-10-10 21:54:45,886 [INFO] ThirdParty:929 - Integrity check success = true
2022-10-10 21:54:45,886 [INFO] IntegrityCheckThread:98 - exiting critical section [integrity check]
2022-10-10 21:54:45,887 [INFO] IntegrityCheckThread:101 - End integrity checks thread
2022-10-10 21:54:46,657 [INFO] ApiDb:239 - Found 138 in-development CPN: [B-WB1M-WPAN1, NUCLEO-C031C6, STEVAL-STWINBX1, STM320518-EVAL, STM32C0116-DK, STM32C011D6Y3TR, STM32C011D6Y6TR, STM32C011F4P3, STM32C011F4P6, STM32C011F4U3, STM32C011F4U6TR, STM32C011F6P3, STM32C011F6P6, STM32C011F6U3, STM32C011F6U6TR, STM32C011J4M3, STM32C011J4M6, STM32C011J6M3, STM32C011J6M6, STM32C0316-DK, STM32C031C4T3, STM32C031C4T6, STM32C031C4U3, STM32C031C4U6, STM32C031C6T3, STM32C031C6T6, STM32C031C6U3, STM32C031C6U6, STM32C031F4P3, STM32C031F4P6, STM32C031F6P3, STM32C031F6P6, STM32C031G4U3, STM32C031G4U6, STM32C031G6U3, STM32C031G6U6, STM32C031K4T3, STM32C031K4T6, STM32C031K4U3, STM32C031K4U6, STM32C031K6T3, STM32C031K6T6, STM32C031K6U3, STM32C031K6U6, STM32G071K8TXN, STM32G071K8UXN, STM32G081GBU6N, STM32G081KBT6N, STM32G081KBUXN, STM32G0B1CCT6N, STM32G0B1KCT6, STM32G0B1NEY6TR, STM32G0B1RCT6N, STM32G0C1CCT6, STM32G0C1CCT6N, STM32G0C1CCU6N, STM32G0C1CET6N, STM32G0C1CEU6N, STM32G0C1KCT6, STM32G0C1NEY6TR, STM32G0C1RCI6N, STM32G0C1RCT6N, STM32G0C1REI6N, STM32G0C1RET6N, STM32G0C1VCI6, STM32G0C1VEI6, STM32G471CCT6, STM32G471CCU6, STM32G471CET3, STM32G471CET6, STM32G471CEU3, STM32G471CEU6, STM32G471MCT6, STM32G471MET3, STM32G471MET6, STM32G471MEY6TR, STM32G471QCT6, STM32G471QET3, STM32G471RCT6, STM32G471RET3, STM32G471RET6, STM32G471VCH6, STM32G471VCI6, STM32G471VCT6, STM32G471VEH3, STM32G471VEH6, STM32G471VEI3, STM32G471VEI6, STM32G471VET3, STM32G471VET6, STM32G474CCT6, STM32L476VGY6PTR, STM32L4R5QGI6STR, STM32MP131AAE3, STM32MP131AAF3, STM32MP131AAG3, STM32MP131CAE3, STM32MP131CAF3, STM32MP131CAG3, STM32MP131DAE7, STM32MP131DAF7, STM32MP131DAG7, STM32MP131FAE7, STM32MP131FAF7, STM32MP131FAG7, STM32MP133AAE3, STM32MP133AAF3, STM32MP133AAG3, STM32MP133CAE3, STM32MP133CAF3, STM32MP133CAG3, STM32MP133DAE7, STM32MP133DAF7, STM32MP133DAG7, STM32MP133FAE7, STM32MP133FAF7, STM32MP133FAG7, STM32MP135AAE3, STM32MP135AAF3, STM32MP135AAG3, STM32MP135CAE3, STM32MP135CAF3, STM32MP135CAG3, STM32MP135DAE7, STM32MP135DAF7, STM32MP135DAG7, STM32MP135F-DK, STM32MP135FAE7, STM32MP135FAF7, STM32MP135FAG7, STM32U595ZJT6Q, STM32U599BJY6QTR, STM32U599NIH6Q, STM32U599NJH6Q, STM32U5A5ZJT6Q, STM32U5A9BJY6QTR, STM32U5A9NJH6Q, STM32WB1MMCH6]
2022-10-10 21:54:46,662 [INFO] DbMcus:215 - Found 3542 MCUs, 3542 are supported
2022-10-10 21:54:46,667 [INFO] ApiDb:418 - Load user favorites file C:\Users\user/.stm32cubeide/favorites.mcus.txt: 0 item(s)
2022-10-10 21:54:46,668 [INFO] ApiDb:422 - User favorites MCUs=[]
2022-10-10 21:54:46,668 [INFO] DbMcus:221 - Set 0 / 0 favorites MCUs
2022-10-10 21:54:48,388 [INFO] LoadUrlFilesThread:177 - End of LoadServerUrlFiles without Thread
2022-10-10 21:54:48,419 [INFO] DetailPanel:339 - Set advertising image to C:/Users/user/STM32Cube/Repository/\en.Prom_NBSTM32U50921.jpg
2022-10-10 21:54:49,252 [INFO] MultiScanPanel:778 - Auto Refresh Data is not needed
2022-10-10 21:54:49,265 [INFO] ApiDb:663 - CubeFinder database Data Model version=2.1
2022-10-10 21:54:49,265 [INFO] ApiDb:664 - CubeFinder database Configuration version=3.0.32
2022-10-10 21:54:49,266 [INFO] ApiDb:665 - CubeFinder database generation date=2022-08-05 (1659688109)
2022-10-10 21:54:49,266 [INFO] ApiDb:666 - CubeFinder database FW Pack versions=[STM32Cube_FW_C0_V1.0.0, STM32Cube_FW_F4_V1.27.1, STM32Cube_FW_F7_V1.17.0, STM32Cube_FW_G0_V1.6.1, STM32Cube_FW_G4_V1.5.0, STM32Cube_FW_H7_V1.10.0, STM32Cube_FW_L5_V1.4.0, STM32Cube_FW_U5_V1.1.1, STM32Cube_FW_WB_V1.14.1, STM32Cube_FW_WL_V1.2.0, X-CUBE-ALGOBUILD_V1.3.0, X-CUBE-ALS_V1.0.1, X-CUBE-AZRTOS-F4_V1.1.0, X-CUBE-AZRTOS-F7_V1.1.0, X-CUBE-AZRTOS-G0_V1.1.0, X-CUBE-AZRTOS-G4_V1.0.0, X-CUBE-AZRTOS-H7_V2.1.0, X-CUBE-AZRTOS-L4_V1.0.0, X-CUBE-AZRTOS-L5_V1.0.0, X-CUBE-AZRTOS-WL_V1.0.0, X-CUBE-BLE1_V6.2.3, X-CUBE-BLE2_V3.3.0, X-CUBE-EEPRMA1_V3.1.1, X-CUBE-GNSS1_V6.0.0, X-CUBE-MEMS1_V9.1.0, X-CUBE-MEMS1_V9.3.0, X-CUBE-NFC4_V2.0.4, X-CUBE-NFC7_V1.0.0, X-CUBE-SFXS2LP1_V4.0.0, X-CUBE-SUBG2_V5.0.0]
2022-10-10 21:54:49,354 [INFO] DbBoardsSqlite:227 - include board P-NUCLEO-WB55-NUCLEO as a kit item of type 'Nucleo-64'
2022-10-10 21:54:49,354 [INFO] DbBoardsSqlite:227 - include board P-NUCLEO-WB55-USBDONGLE as a kit item of type 'Nucleo USB Dongle'
2022-10-10 21:54:49,354 [INFO] DbBoardsSqlite:227 - include board STEVAL-IDP005V1 as a kit item of type 'Evaluation Board'
2022-10-10 21:54:49,355 [INFO] DbBoardsSqlite:227 - include board STEVAL-IDP005V2 as a kit item of type 'Evaluation Board'
2022-10-10 21:54:49,368 [INFO] ApiDb:239 - Found 138 in-development CPN: [B-WB1M-WPAN1, NUCLEO-C031C6, STEVAL-STWINBX1, STM320518-EVAL, STM32C0116-DK, STM32C011D6Y3TR, STM32C011D6Y6TR, STM32C011F4P3, STM32C011F4P6, STM32C011F4U3, STM32C011F4U6TR, STM32C011F6P3, STM32C011F6P6, STM32C011F6U3, STM32C011F6U6TR, STM32C011J4M3, STM32C011J4M6, STM32C011J6M3, STM32C011J6M6, STM32C0316-DK, STM32C031C4T3, STM32C031C4T6, STM32C031C4U3, STM32C031C4U6, STM32C031C6T3, STM32C031C6T6, STM32C031C6U3, STM32C031C6U6, STM32C031F4P3, STM32C031F4P6, STM32C031F6P3, STM32C031F6P6, STM32C031G4U3, STM32C031G4U6, STM32C031G6U3, STM32C031G6U6, STM32C031K4T3, STM32C031K4T6, STM32C031K4U3, STM32C031K4U6, STM32C031K6T3, STM32C031K6T6, STM32C031K6U3, STM32C031K6U6, STM32G071K8TXN, STM32G071K8UXN, STM32G081GBU6N, STM32G081KBT6N, STM32G081KBUXN, STM32G0B1CCT6N, STM32G0B1KCT6, STM32G0B1NEY6TR, STM32G0B1RCT6N, STM32G0C1CCT6, STM32G0C1CCT6N, STM32G0C1CCU6N, STM32G0C1CET6N, STM32G0C1CEU6N, STM32G0C1KCT6, STM32G0C1NEY6TR, STM32G0C1RCI6N, STM32G0C1RCT6N, STM32G0C1REI6N, STM32G0C1RET6N, STM32G0C1VCI6, STM32G0C1VEI6, STM32G471CCT6, STM32G471CCU6, STM32G471CET3, STM32G471CET6, STM32G471CEU3, STM32G471CEU6, STM32G471MCT6, STM32G471MET3, STM32G471MET6, STM32G471MEY6TR, STM32G471QCT6, STM32G471QET3, STM32G471RCT6, STM32G471RET3, STM32G471RET6, STM32G471VCH6, STM32G471VCI6, STM32G471VCT6, STM32G471VEH3, STM32G471VEH6, STM32G471VEI3, STM32G471VEI6, STM32G471VET3, STM32G471VET6, STM32G474CCT6, STM32L476VGY6PTR, STM32L4R5QGI6STR, STM32MP131AAE3, STM32MP131AAF3, STM32MP131AAG3, STM32MP131CAE3, STM32MP131CAF3, STM32MP131CAG3, STM32MP131DAE7, STM32MP131DAF7, STM32MP131DAG7, STM32MP131FAE7, STM32MP131FAF7, STM32MP131FAG7, STM32MP133AAE3, STM32MP133AAF3, STM32MP133AAG3, STM32MP133CAE3, STM32MP133CAF3, STM32MP133CAG3, STM32MP133DAE7, STM32MP133DAF7, STM32MP133DAG7, STM32MP133FAE7, STM32MP133FAF7, STM32MP133FAG7, STM32MP135AAE3, STM32MP135AAF3, STM32MP135AAG3, STM32MP135CAE3, STM32MP135CAF3, STM32MP135CAG3, STM32MP135DAE7, STM32MP135DAF7, STM32MP135DAG7, STM32MP135F-DK, STM32MP135FAE7, STM32MP135FAF7, STM32MP135FAG7, STM32U595ZJT6Q, STM32U599BJY6QTR, STM32U599NIH6Q, STM32U599NJH6Q, STM32U5A5ZJT6Q, STM32U5A9BJY6QTR, STM32U5A9NJH6Q, STM32WB1MMCH6]
2022-10-10 21:54:49,500 [INFO] BoardInfo:879 - No configuration file found for board P-NUCLEO-WB55
2022-10-10 21:54:49,501 [INFO] DbBoards:156 - Kit is not supported: P-NUCLEO-WB55
2022-10-10 21:54:49,506 [INFO] BoardInfo:879 - No configuration file found for board STEVAL-BFA001V1B
2022-10-10 21:54:49,507 [INFO] DbBoards:156 - Kit is not supported: STEVAL-BFA001V1B
2022-10-10 21:54:49,508 [INFO] BoardInfo:879 - No configuration file found for board STEVAL-BFA001V2B
2022-10-10 21:54:49,508 [INFO] DbBoards:156 - Kit is not supported: STEVAL-BFA001V2B
2022-10-10 21:54:49,710 [INFO] DbBoards:160 - Found 176 boards, 173 are supported
2022-10-10 21:54:49,719 [INFO] ApiDb:418 - Load user favorites file C:\Users\user/.stm32cubeide/favorites.boards.txt: 0 item(s)
2022-10-10 21:54:49,720 [INFO] ApiDb:422 - User favorites Boards=[]
2022-10-10 21:54:49,720 [INFO] DbBoards:189 - Set 0 / 0 favorites Boards
2022-10-10 21:55:54,521 [INFO] McuFinderGlobals:57 - Set McuFinderConnectedMode to true
2022-10-10 21:55:54,525 [INFO] ApiDb:443 - Save user favorites file C:\Users\user/.stm32cubeide/favorites.mcus.txt: 0 item(s)
2022-10-10 21:55:54,526 [INFO] ApiDb:447 - User favorites MCUs=[]
2022-10-10 22:01:53,453 [ERROR] LogOutputStream:74 - [STDERR_REDIRECT] Warning: NLS missing message: ExternalToolsPreferencePage_External_tool_project_builders_migration_2 in: org.eclipse.ui.externaltools.internal.ui.ExternalToolsUIMessages
2022-10-10 22:01:53,459 [ERROR] LogOutputStream:74 - [STDERR_REDIRECT] Warning: NLS missing message: ExternalToolsPreferencePage_Prompt_before_migrating_3 in: org.eclipse.ui.externaltools.internal.ui.ExternalToolsUIMessages
2022-10-10 22:01:53,461 [ERROR] LogOutputStream:74 - [STDERR_REDIRECT] Warning: NLS missing message: ExternalToolsPreferencePage_1 in: org.eclipse.ui.externaltools.internal.ui.ExternalToolsUIMessages
2022-10-10 22:05:27,847 [INFO] Activator:177 - 


2022-10-10 22:05:27,848 [INFO] Activator:178 - !SESSION log4j initialized
2022-10-10 22:05:51,290 [ERROR] LogOutputStream:74 - [STDERR_REDIRECT] Warning: NLS missing message: ExternalToolsPreferencePage_External_tool_project_builders_migration_2 in: org.eclipse.ui.externaltools.internal.ui.ExternalToolsUIMessages
2022-10-10 22:05:51,294 [ERROR] LogOutputStream:74 - [STDERR_REDIRECT] Warning: NLS missing message: ExternalToolsPreferencePage_Prompt_before_migrating_3 in: org.eclipse.ui.externaltools.internal.ui.ExternalToolsUIMessages
2022-10-10 22:05:51,297 [ERROR] LogOutputStream:74 - [STDERR_REDIRECT] Warning: NLS missing message: ExternalToolsPreferencePage_1 in: org.eclipse.ui.externaltools.internal.ui.ExternalToolsUIMessages
2022-10-10 22:05:54,716 [ERROR] LogOutputStream:74 - [STDERR_REDIRECT] SLF4J: Failed to load class "org.slf4j.impl.StaticLoggerBinder".
2022-10-10 22:05:54,718 [ERROR] LogOutputStream:74 - [STDERR_REDIRECT] SLF4J: Defaulting to no-operation (NOP) logger implementation
2022-10-10 22:05:54,721 [ERROR] LogOutputStream:74 - [STDERR_REDIRECT] SLF4J: See http://www.slf4j.org/codes.html#StaticLoggerBinder for further details.
